2024-11-22 17:42:26,089 INFO runmanager: 

===============starting===============

2024-12-05 13:27:59,380 INFO runmanager: 

===============starting===============

2024-12-05 13:28:13,446 INFO runmanager: 

===============starting===============

2024-12-05 13:28:17,838 INFO runmanager: 

===============starting===============

2024-12-05 13:35:23,120 INFO runmanager: 

===============starting===============

2024-12-05 13:35:35,381 INFO runmanager: 

===============starting===============

2024-12-05 13:39:05,296 INFO runmanager: 

===============starting===============

2024-12-05 13:39:29,766 INFO runmanager: 

===============starting===============

2024-12-05 13:40:18,165 INFO runmanager: 

===============starting===============

2024-12-05 13:40:31,100 INFO runmanager: 

===============starting===============

2024-12-06 18:24:17,663 INFO runmanager: 

===============starting===============

2024-12-06 18:26:34,640 INFO runmanager: 

===============starting===============

2024-12-06 18:26:47,011 INFO runmanager: 

===============starting===============

2024-12-06 18:27:14,301 INFO runmanager: 

===============starting===============

2024-12-06 18:27:19,670 INFO runmanager: 

===============starting===============

2024-12-10 14:18:43,536 INFO runmanager: 

===============starting===============

2024-12-10 14:19:10,693 INFO runmanager: Engage
2024-12-10 14:19:10,694 INFO runmanager: Parsing globals...
2024-12-10 14:19:10,915 INFO runmanager: Making h5 files
2024-12-10 14:19:10,923 DEBUG runmanager: <generator object make_run_files at 0x00000288377DD3F0>
2024-12-10 14:19:10,923 INFO runmanager: end engage
2024-12-10 15:37:34,899 INFO runmanager: 

===============starting===============

2024-12-10 15:37:54,037 INFO runmanager: Engage
2024-12-10 15:37:54,038 INFO runmanager: Parsing globals...
2024-12-10 15:37:54,251 INFO runmanager: Making h5 files
2024-12-10 15:37:54,258 DEBUG runmanager: <generator object make_run_files at 0x000001F9811A70D0>
2024-12-10 15:37:54,258 INFO runmanager: end engage
2024-12-10 15:38:23,317 INFO runmanager: Engage
2024-12-10 15:38:23,318 INFO runmanager: Parsing globals...
2024-12-10 15:38:23,318 INFO runmanager: Making h5 files
2024-12-10 15:38:23,330 DEBUG runmanager: <generator object make_run_files at 0x000001F9815097E0>
2024-12-10 15:38:23,330 INFO runmanager: end engage
2024-12-10 15:40:53,253 INFO runmanager: Engage
2024-12-10 15:40:53,253 INFO runmanager: Parsing globals...
2024-12-10 15:40:53,254 INFO runmanager: Making h5 files
2024-12-10 15:40:53,264 DEBUG runmanager: <generator object make_run_files at 0x000001F9811A70D0>
2024-12-10 15:40:53,265 INFO runmanager: end engage
2024-12-10 15:44:10,222 INFO runmanager: Engage
2024-12-10 15:44:10,222 INFO runmanager: Parsing globals...
2024-12-10 15:44:10,223 INFO runmanager: Making h5 files
2024-12-10 15:44:10,233 DEBUG runmanager: <generator object make_run_files at 0x000001F981509930>
2024-12-10 15:44:10,233 INFO runmanager: end engage
2024-12-10 15:49:49,355 INFO runmanager: 

===============starting===============

2024-12-10 15:49:59,495 INFO runmanager: Engage
2024-12-10 15:49:59,495 INFO runmanager: Parsing globals...
2024-12-10 15:49:59,708 INFO runmanager: Making h5 files
2024-12-10 15:49:59,715 DEBUG runmanager: <generator object make_run_files at 0x0000025D1C22D540>
2024-12-10 15:49:59,715 INFO runmanager: end engage
2024-12-10 15:53:43,137 INFO runmanager: 

===============starting===============

2024-12-10 15:54:16,246 INFO runmanager: Engage
2024-12-10 15:54:16,246 INFO runmanager: Parsing globals...
2024-12-10 15:54:16,453 INFO runmanager: Making h5 files
2024-12-10 15:54:16,461 DEBUG runmanager: <generator object make_run_files at 0x000002418585D3F0>
2024-12-10 15:54:16,461 INFO runmanager: end engage
2024-12-10 15:59:25,765 INFO runmanager: Engage
2024-12-10 15:59:25,765 INFO runmanager: Parsing globals...
2024-12-10 15:59:25,766 INFO runmanager: Making h5 files
2024-12-10 15:59:25,775 DEBUG runmanager: <generator object make_run_files at 0x000002418585D7E0>
2024-12-10 15:59:25,775 INFO runmanager: end engage
2024-12-10 16:22:59,916 INFO runmanager: Engage
2024-12-10 16:22:59,917 INFO runmanager: Parsing globals...
2024-12-10 16:22:59,917 INFO runmanager: Making h5 files
2024-12-10 16:22:59,925 DEBUG runmanager: <generator object make_run_files at 0x000002418585D930>
2024-12-10 16:22:59,925 INFO runmanager: end engage
2024-12-10 16:24:27,403 INFO runmanager: 

===============starting===============

2024-12-10 16:25:04,589 INFO runmanager: Engage
2024-12-10 16:25:04,589 INFO runmanager: Parsing globals...
2024-12-10 16:25:04,805 INFO runmanager: Making h5 files
2024-12-10 16:25:04,812 DEBUG runmanager: <generator object make_run_files at 0x000001CE9863D540>
2024-12-10 16:25:04,812 INFO runmanager: end engage
2024-12-10 16:25:37,933 INFO runmanager: Engage
2024-12-10 16:25:37,933 INFO runmanager: Parsing globals...
2024-12-10 16:25:37,934 INFO runmanager: Making h5 files
2024-12-10 16:25:37,945 DEBUG runmanager: <generator object make_run_files at 0x000001CE9863D7E0>
2024-12-10 16:25:37,945 INFO runmanager: end engage
2024-12-10 16:26:08,901 INFO runmanager: Engage
2024-12-10 16:26:08,901 INFO runmanager: Parsing globals...
2024-12-10 16:26:08,902 INFO runmanager: Making h5 files
2024-12-10 16:26:08,909 DEBUG runmanager: <generator object make_run_files at 0x000001CE9863D930>
2024-12-10 16:26:08,909 INFO runmanager: end engage
2024-12-10 16:26:20,301 INFO runmanager: Engage
2024-12-10 16:26:20,301 INFO runmanager: Parsing globals...
2024-12-10 16:26:20,302 INFO runmanager: Making h5 files
2024-12-10 16:26:20,312 DEBUG runmanager: <generator object make_run_files at 0x000001CE9863D540>
2024-12-10 16:26:20,312 INFO runmanager: end engage
2024-12-10 16:28:49,869 INFO runmanager: Engage
2024-12-10 16:28:49,870 INFO runmanager: Parsing globals...
2024-12-10 16:28:49,871 INFO runmanager: Making h5 files
2024-12-10 16:28:49,881 DEBUG runmanager: <generator object make_run_files at 0x000001CE9863D7E0>
2024-12-10 16:28:49,881 INFO runmanager: end engage
2024-12-10 16:29:17,124 INFO runmanager: Engage
2024-12-10 16:29:17,125 INFO runmanager: Parsing globals...
2024-12-10 16:29:17,125 INFO runmanager: Making h5 files
2024-12-10 16:29:17,137 DEBUG runmanager: <generator object make_run_files at 0x000001CE9863D930>
2024-12-10 16:29:17,137 INFO runmanager: end engage
2024-12-10 16:29:17,980 INFO runmanager: Engage
2024-12-10 16:29:17,980 INFO runmanager: Parsing globals...
2024-12-10 16:29:17,981 INFO runmanager: Making h5 files
2024-12-10 16:29:17,989 DEBUG runmanager: <generator object make_run_files at 0x000001CE9863D540>
2024-12-10 16:29:17,989 INFO runmanager: end engage
2024-12-10 16:29:34,613 INFO runmanager: Engage
2024-12-10 16:29:34,613 INFO runmanager: Parsing globals...
2024-12-10 16:29:34,613 INFO runmanager: Making h5 files
2024-12-10 16:29:34,624 DEBUG runmanager: <generator object make_run_files at 0x000001CE9863D7E0>
2024-12-10 16:29:34,625 INFO runmanager: end engage
2024-12-10 16:30:05,997 INFO runmanager: Engage
2024-12-10 16:30:05,997 INFO runmanager: Parsing globals...
2024-12-10 16:30:05,997 INFO runmanager: Making h5 files
2024-12-10 16:30:06,006 DEBUG runmanager: <generator object make_run_files at 0x000001CE9863D930>
2024-12-10 16:30:06,006 INFO runmanager: end engage
2024-12-10 16:30:56,333 INFO runmanager: Engage
2024-12-10 16:30:56,333 INFO runmanager: Parsing globals...
2024-12-10 16:30:56,334 INFO runmanager: Making h5 files
2024-12-10 16:30:56,344 DEBUG runmanager: <generator object make_run_files at 0x000001CE9863D540>
2024-12-10 16:30:56,344 INFO runmanager: end engage
2024-12-10 16:31:04,021 INFO runmanager: Engage
2024-12-10 16:31:04,022 INFO runmanager: Parsing globals...
2024-12-10 16:31:04,022 INFO runmanager: Making h5 files
2024-12-10 16:31:04,031 DEBUG runmanager: <generator object make_run_files at 0x000001CE9863D7E0>
2024-12-10 16:31:04,031 INFO runmanager: end engage
2024-12-10 16:31:40,541 INFO runmanager: Engage
2024-12-10 16:31:40,541 INFO runmanager: Parsing globals...
2024-12-10 16:31:40,541 INFO runmanager: Making h5 files
2024-12-10 16:31:40,549 DEBUG runmanager: <generator object make_run_files at 0x000001CE9863D930>
2024-12-10 16:31:40,549 INFO runmanager: end engage
2024-12-10 16:32:17,237 INFO runmanager: Engage
2024-12-10 16:32:17,237 INFO runmanager: Parsing globals...
2024-12-10 16:32:17,238 INFO runmanager: Making h5 files
2024-12-10 16:32:17,248 DEBUG runmanager: <generator object make_run_files at 0x000001CE9863D540>
2024-12-10 16:32:17,248 INFO runmanager: end engage
2024-12-10 16:32:23,525 INFO runmanager: Engage
2024-12-10 16:32:23,526 INFO runmanager: Parsing globals...
2024-12-10 16:32:23,526 INFO runmanager: Making h5 files
2024-12-10 16:32:23,535 DEBUG runmanager: <generator object make_run_files at 0x000001CE9863D7E0>
2024-12-10 16:32:23,535 INFO runmanager: end engage
2024-12-10 16:32:46,485 INFO runmanager: Engage
2024-12-10 16:32:46,485 INFO runmanager: Parsing globals...
2024-12-10 16:32:46,486 INFO runmanager: Making h5 files
2024-12-10 16:32:46,497 DEBUG runmanager: <generator object make_run_files at 0x000001CE9863D930>
2024-12-10 16:32:46,497 INFO runmanager: end engage
2024-12-10 16:32:58,893 INFO runmanager: Engage
2024-12-10 16:32:58,894 INFO runmanager: Parsing globals...
2024-12-10 16:32:58,894 INFO runmanager: Making h5 files
2024-12-10 16:32:58,905 DEBUG runmanager: <generator object make_run_files at 0x000001CE9863D540>
2024-12-10 16:32:58,905 INFO runmanager: end engage
2024-12-10 16:33:05,844 INFO runmanager: Engage
2024-12-10 16:33:05,845 INFO runmanager: Parsing globals...
2024-12-10 16:33:05,845 INFO runmanager: Making h5 files
2024-12-10 16:33:05,853 DEBUG runmanager: <generator object make_run_files at 0x000001CE9863D7E0>
2024-12-10 16:33:05,853 INFO runmanager: end engage
2024-12-11 14:22:22,875 INFO runmanager: 

===============starting===============

2024-12-11 14:22:38,586 INFO runmanager: Engage
2024-12-11 14:22:38,586 INFO runmanager: Parsing globals...
2024-12-11 14:22:38,805 INFO runmanager: Making h5 files
2024-12-11 14:22:38,813 DEBUG runmanager: <generator object make_run_files at 0x00000185EEBCD3F0>
2024-12-11 14:22:38,813 INFO runmanager: end engage
2024-12-11 14:23:08,063 INFO runmanager: Engage
2024-12-11 14:23:08,063 INFO runmanager: Parsing globals...
2024-12-11 14:23:08,064 INFO runmanager: Making h5 files
2024-12-11 14:23:08,072 DEBUG runmanager: <generator object make_run_files at 0x00000185EEBCD7E0>
2024-12-11 14:23:08,072 INFO runmanager: end engage
2024-12-11 14:25:04,932 INFO runmanager: Engage
2024-12-11 14:25:04,932 INFO runmanager: Parsing globals...
2024-12-11 14:25:04,933 INFO runmanager: Making h5 files
2024-12-11 14:25:04,941 DEBUG runmanager: <generator object make_run_files at 0x00000185EEBCD930>
2024-12-11 14:25:04,941 INFO runmanager: end engage
2024-12-11 14:26:11,460 INFO runmanager: Engage
2024-12-11 14:26:11,461 INFO runmanager: Parsing globals...
2024-12-11 14:26:11,462 INFO runmanager: Making h5 files
2024-12-11 14:26:11,472 DEBUG runmanager: <generator object make_run_files at 0x00000185EEBCD3F0>
2024-12-11 14:26:11,472 INFO runmanager: end engage
2024-12-11 14:28:50,309 INFO runmanager: Engage
2024-12-11 14:28:50,309 INFO runmanager: Parsing globals...
2024-12-11 14:28:50,310 INFO runmanager: Making h5 files
2024-12-11 14:28:50,317 DEBUG runmanager: <generator object make_run_files at 0x00000185EEBCD7E0>
2024-12-11 14:28:50,317 INFO runmanager: end engage
2024-12-11 14:29:07,501 INFO runmanager: Engage
2024-12-11 14:29:07,501 INFO runmanager: Parsing globals...
2024-12-11 14:29:07,502 INFO runmanager: Making h5 files
2024-12-11 14:29:07,510 DEBUG runmanager: <generator object make_run_files at 0x00000185EEBCD930>
2024-12-11 14:29:07,510 INFO runmanager: end engage
2024-12-11 14:33:16,365 INFO runmanager: 

===============starting===============

2024-12-11 14:33:29,199 INFO runmanager: Engage
2024-12-11 14:33:29,199 INFO runmanager: Parsing globals...
2024-12-11 14:33:29,425 INFO runmanager: Making h5 files
2024-12-11 14:33:29,433 DEBUG runmanager: <generator object make_run_files at 0x000001891E831540>
2024-12-11 14:33:29,433 INFO runmanager: end engage
2024-12-11 14:33:43,951 INFO runmanager: Engage
2024-12-11 14:33:43,951 INFO runmanager: Parsing globals...
2024-12-11 14:33:43,952 INFO runmanager: Making h5 files
2024-12-11 14:33:43,963 DEBUG runmanager: <generator object make_run_files at 0x000001891E8317E0>
2024-12-11 14:33:43,963 INFO runmanager: end engage
2024-12-11 14:35:07,919 INFO runmanager: Engage
2024-12-11 14:35:07,919 INFO runmanager: Parsing globals...
2024-12-11 14:35:07,920 INFO runmanager: Making h5 files
2024-12-11 14:35:07,928 DEBUG runmanager: <generator object make_run_files at 0x000001891E831930>
2024-12-11 14:35:07,928 INFO runmanager: end engage
2024-12-11 14:46:33,795 INFO runmanager: Engage
2024-12-11 14:46:33,795 INFO runmanager: Parsing globals...
2024-12-11 14:46:33,796 INFO runmanager: Making h5 files
2024-12-11 14:46:33,803 DEBUG runmanager: <generator object make_run_files at 0x000001891E831540>
2024-12-11 14:46:33,804 INFO runmanager: end engage
2024-12-11 14:49:42,338 INFO runmanager: 

===============starting===============

2024-12-11 14:49:54,156 INFO runmanager: Engage
2024-12-11 14:49:54,156 INFO runmanager: Parsing globals...
2024-12-11 14:49:54,424 INFO runmanager: Making h5 files
2024-12-11 14:49:54,432 DEBUG runmanager: <generator object make_run_files at 0x0000016F334F3220>
2024-12-11 14:49:54,432 INFO runmanager: end engage
2024-12-11 14:57:28,398 INFO runmanager: Engage
2024-12-11 14:57:28,400 INFO runmanager: Parsing globals...
2024-12-11 14:57:28,400 INFO runmanager: Making h5 files
2024-12-11 14:57:28,411 DEBUG runmanager: <generator object make_run_files at 0x0000016F338497E0>
2024-12-11 14:57:28,411 INFO runmanager: end engage
2024-12-11 15:00:43,663 INFO runmanager: Engage
2024-12-11 15:00:43,664 INFO runmanager: Parsing globals...
2024-12-11 15:00:43,664 INFO runmanager: Making h5 files
2024-12-11 15:00:43,672 DEBUG runmanager: <generator object make_run_files at 0x0000016F334F3220>
2024-12-11 15:00:43,672 INFO runmanager: end engage
2024-12-11 16:13:48,099 INFO runmanager: 

===============starting===============

2024-12-11 16:14:31,301 INFO runmanager: Engage
2024-12-11 16:14:31,301 INFO runmanager: Parsing globals...
2024-12-11 16:14:31,550 INFO runmanager: Making h5 files
2024-12-11 16:14:31,557 DEBUG runmanager: <generator object make_run_files at 0x0000026FADB77220>
2024-12-11 16:14:31,557 INFO runmanager: end engage
2024-12-11 16:20:55,213 INFO runmanager: 

===============starting===============

2024-12-11 16:29:47,250 INFO runmanager: 

===============starting===============

2024-12-11 16:30:00,137 INFO runmanager: Engage
2024-12-11 16:30:00,137 INFO runmanager: end engage
2024-12-11 16:30:08,937 INFO runmanager: Engage
2024-12-11 16:30:08,937 INFO runmanager: Parsing globals...
2024-12-11 16:30:09,151 INFO runmanager: Making h5 files
2024-12-11 16:30:09,158 DEBUG runmanager: <generator object make_run_files at 0x000001EBC05D1540>
2024-12-11 16:30:09,158 INFO runmanager: end engage
2024-12-11 17:31:02,617 INFO runmanager: Engage
2024-12-11 17:31:02,618 INFO runmanager: Parsing globals...
2024-12-11 17:31:02,618 INFO runmanager: Making h5 files
2024-12-11 17:31:02,629 DEBUG runmanager: <generator object make_run_files at 0x000001EBC05D17E0>
2024-12-11 17:31:02,629 INFO runmanager: end engage
2024-12-11 17:39:13,451 INFO runmanager: Engage
2024-12-11 17:39:13,451 INFO runmanager: Parsing globals...
2024-12-11 17:39:13,451 INFO runmanager: Making h5 files
2024-12-11 17:39:13,463 DEBUG runmanager: <generator object make_run_files at 0x000001EBC05D1930>
2024-12-11 17:39:13,463 INFO runmanager: end engage
2024-12-11 17:39:30,270 INFO runmanager: 

===============starting===============

2024-12-11 17:39:40,018 INFO runmanager: Engage
2024-12-11 17:39:40,019 INFO runmanager: Parsing globals...
2024-12-11 17:39:40,231 INFO runmanager: Making h5 files
2024-12-11 17:39:40,237 DEBUG runmanager: <generator object make_run_files at 0x00000209F886D540>
2024-12-11 17:39:40,237 INFO runmanager: end engage
2024-12-11 17:40:28,440 INFO runmanager: Engage
2024-12-11 17:40:28,441 INFO runmanager: Parsing globals...
2024-12-11 17:40:28,442 INFO runmanager: Making h5 files
2024-12-11 17:40:28,452 DEBUG runmanager: <generator object make_run_files at 0x00000209F886D690>
2024-12-11 17:40:28,452 INFO runmanager: end engage
2024-12-11 18:00:49,635 INFO runmanager: Engage
2024-12-11 18:00:49,636 INFO runmanager: Parsing globals...
2024-12-11 18:00:49,636 INFO runmanager: Making h5 files
2024-12-11 18:00:49,646 DEBUG runmanager: <generator object make_run_files at 0x00000209F886D540>
2024-12-11 18:00:49,646 INFO runmanager: end engage
2024-12-11 18:04:01,097 INFO runmanager: Engage
2024-12-11 18:04:01,097 INFO runmanager: Parsing globals...
2024-12-11 18:04:01,098 INFO runmanager: Making h5 files
2024-12-11 18:04:01,106 DEBUG runmanager: <generator object make_run_files at 0x00000209F886D930>
2024-12-11 18:04:01,106 INFO runmanager: end engage
2025-01-02 13:06:15,715 INFO runmanager: 

===============starting===============

2025-01-02 13:28:14,527 INFO runmanager: 

===============starting===============

2025-01-02 13:36:18,240 INFO runmanager: S:\Experiments\Yb171_MOT_Tweezer_trap\experimental_params.h5:MOT Parameters - new global: TIME_TO_RAMP_MAGNETIC_FIELD
2025-01-02 13:36:18,248 DEBUG runmanager: S:\Experiments\Yb171_MOT_Tweezer_trap\experimental_params.h5:MOT Parameters - make global row: TIME_TO_RAMP_MAGNETIC_FIELD 
2025-01-02 13:36:18,262 INFO runmanager: setting tab icon
2025-01-02 13:36:22,929 INFO runmanager: S:\Experiments\Yb171_MOT_Tweezer_trap\experimental_params.h5:MOT Parameters - change global value: TIME_TO_RAMP_MAGNETIC_FIELD =  -> 0.5
2025-01-02 13:36:22,941 DEBUG runmanager: S:\Experiments\Yb171_MOT_Tweezer_trap\experimental_params.h5:MOT Parameters - check for boolean values: TIME_TO_RAMP_MAGNETIC_FIELD
2025-01-02 13:36:22,949 INFO runmanager: setting tab icon
2025-01-02 13:36:24,784 INFO runmanager: S:\Experiments\Yb171_MOT_Tweezer_trap\experimental_params.h5:MOT Parameters - change units: TIME_TO_RAMP_MAGNETIC_FIELD =  -> S
2025-01-02 13:36:28,361 INFO runmanager: S:\Experiments\Yb171_MOT_Tweezer_trap\experimental_params.h5:MOT Parameters - change units: TIME_TO_RAMP_MAGNETIC_FIELD = S -> s
2025-01-02 13:47:43,556 INFO runmanager: S:\Experiments\Yb171_MOT_Tweezer_trap\experimental_params.h5:MOT Parameters - new global: TIME_TO_TRIGGER_CAMERA_AFTER_RAMP
2025-01-02 13:47:43,568 DEBUG runmanager: S:\Experiments\Yb171_MOT_Tweezer_trap\experimental_params.h5:MOT Parameters - make global row: TIME_TO_TRIGGER_CAMERA_AFTER_RAMP 
2025-01-02 13:47:43,588 INFO runmanager: setting tab icon
2025-01-02 13:47:45,211 INFO runmanager: S:\Experiments\Yb171_MOT_Tweezer_trap\experimental_params.h5:MOT Parameters - change global value: TIME_TO_TRIGGER_CAMERA_AFTER_RAMP =  -> 2
2025-01-02 13:47:45,228 DEBUG runmanager: S:\Experiments\Yb171_MOT_Tweezer_trap\experimental_params.h5:MOT Parameters - check for boolean values: TIME_TO_TRIGGER_CAMERA_AFTER_RAMP
2025-01-02 13:47:45,245 INFO runmanager: setting tab icon
2025-01-02 13:47:50,036 INFO runmanager: S:\Experiments\Yb171_MOT_Tweezer_trap\experimental_params.h5:MOT Parameters - change units: TIME_TO_TRIGGER_CAMERA_AFTER_RAMP =  -> s
2025-01-02 13:48:35,107 INFO runmanager: S:\Experiments\Yb171_MOT_Tweezer_trap\experimental_params.h5:MOT Parameters - new global: B_INITIAL
2025-01-02 13:48:35,118 DEBUG runmanager: S:\Experiments\Yb171_MOT_Tweezer_trap\experimental_params.h5:MOT Parameters - make global row: B_INITIAL 
2025-01-02 13:48:35,138 INFO runmanager: setting tab icon
2025-01-02 13:48:44,943 INFO runmanager: S:\Experiments\Yb171_MOT_Tweezer_trap\experimental_params.h5:MOT Parameters - change global value: B_INITIAL =  -> 8
2025-01-02 13:48:44,959 DEBUG runmanager: S:\Experiments\Yb171_MOT_Tweezer_trap\experimental_params.h5:MOT Parameters - check for boolean values: B_INITIAL
2025-01-02 13:48:44,978 INFO runmanager: setting tab icon
2025-01-02 13:48:49,241 INFO runmanager: S:\Experiments\Yb171_MOT_Tweezer_trap\experimental_params.h5:MOT Parameters - change units: B_INITIAL =  -> V
2025-01-02 13:48:55,116 INFO runmanager: S:\Experiments\Yb171_MOT_Tweezer_trap\experimental_params.h5:MOT Parameters - new global: B_FINAL
2025-01-02 13:48:55,124 DEBUG runmanager: S:\Experiments\Yb171_MOT_Tweezer_trap\experimental_params.h5:MOT Parameters - make global row: B_FINAL 
2025-01-02 13:48:55,150 INFO runmanager: setting tab icon
2025-01-02 13:49:12,491 INFO runmanager: S:\Experiments\Yb171_MOT_Tweezer_trap\experimental_params.h5:MOT Parameters - change global value: B_FINAL =  -> 2
2025-01-02 13:49:12,515 DEBUG runmanager: S:\Experiments\Yb171_MOT_Tweezer_trap\experimental_params.h5:MOT Parameters - check for boolean values: B_FINAL
2025-01-02 13:49:12,533 INFO runmanager: setting tab icon
2025-01-02 13:49:15,994 INFO runmanager: S:\Experiments\Yb171_MOT_Tweezer_trap\experimental_params.h5:MOT Parameters - change units: TIME_TO_RAMP_MAGNETIC_FIELD = s -> V
2025-01-02 13:49:46,812 INFO runmanager: S:\Experiments\Yb171_MOT_Tweezer_trap\experimental_params.h5:MOT Parameters - rename global: TIME_TO_RAMP_MAGNETIC_FIELD -> RAMP_DURATION
2025-01-02 13:59:42,438 INFO runmanager: Engage
2025-01-02 13:59:42,438 INFO runmanager: Parsing globals...
2025-01-02 13:59:42,446 INFO runmanager: Making h5 files
2025-01-02 13:59:42,457 DEBUG runmanager: <generator object make_run_files at 0x000001F3A2A21D20>
2025-01-02 13:59:42,457 INFO runmanager: end engage
2025-01-02 13:59:52,166 INFO runmanager: Engage
2025-01-02 13:59:52,166 INFO runmanager: Parsing globals...
2025-01-02 13:59:52,169 INFO runmanager: Making h5 files
2025-01-02 13:59:52,177 DEBUG runmanager: <generator object make_run_files at 0x000001F3A2A21FC0>
2025-01-02 13:59:52,177 INFO runmanager: end engage
2025-01-02 14:00:11,306 INFO runmanager: 

===============starting===============

2025-01-02 14:00:11,744 DEBUG runmanager: S:\Experiments\Yb171_MOT_Tweezer_trap\experimental_params.h5:MOT Parameters - make global row: B_FINAL 
2025-01-02 14:00:11,744 DEBUG runmanager: S:\Experiments\Yb171_MOT_Tweezer_trap\experimental_params.h5:MOT Parameters - check for boolean values: B_FINAL
2025-01-02 14:00:11,744 DEBUG runmanager: S:\Experiments\Yb171_MOT_Tweezer_trap\experimental_params.h5:MOT Parameters - make global row: B_INITIAL 
2025-01-02 14:00:11,744 DEBUG runmanager: S:\Experiments\Yb171_MOT_Tweezer_trap\experimental_params.h5:MOT Parameters - check for boolean values: B_INITIAL
2025-01-02 14:00:11,745 DEBUG runmanager: S:\Experiments\Yb171_MOT_Tweezer_trap\experimental_params.h5:MOT Parameters - make global row: RAMP_DURATION 
2025-01-02 14:00:11,745 DEBUG runmanager: S:\Experiments\Yb171_MOT_Tweezer_trap\experimental_params.h5:MOT Parameters - check for boolean values: RAMP_DURATION
2025-01-02 14:00:11,745 DEBUG runmanager: S:\Experiments\Yb171_MOT_Tweezer_trap\experimental_params.h5:MOT Parameters - make global row: TIME_TO_TRIGGER_CAMERA_AFTER_RAMP 
2025-01-02 14:00:11,745 DEBUG runmanager: S:\Experiments\Yb171_MOT_Tweezer_trap\experimental_params.h5:MOT Parameters - check for boolean values: TIME_TO_TRIGGER_CAMERA_AFTER_RAMP
2025-01-02 14:00:24,312 INFO runmanager: Engage
2025-01-02 14:00:24,313 INFO runmanager: Parsing globals...
2025-01-02 14:00:24,317 INFO runmanager: Making h5 files
2025-01-02 14:00:24,328 DEBUG runmanager: <generator object make_run_files at 0x00000240AC5B1E70>
2025-01-02 14:00:24,328 INFO runmanager: end engage
2025-01-02 14:00:26,176 INFO runmanager: Engage
2025-01-02 14:00:26,176 INFO runmanager: Parsing globals...
2025-01-02 14:00:26,182 INFO runmanager: Making h5 files
2025-01-02 14:00:26,192 DEBUG runmanager: <generator object make_run_files at 0x00000240AC5B1FC0>
2025-01-02 14:00:26,192 INFO runmanager: end engage
2025-01-02 14:00:31,641 INFO runmanager: Engage
2025-01-02 14:00:31,641 INFO runmanager: Parsing globals...
2025-01-02 14:00:31,646 INFO runmanager: Making h5 files
2025-01-02 14:00:31,657 DEBUG runmanager: <generator object make_run_files at 0x00000240AC5B2110>
2025-01-02 14:00:31,657 INFO runmanager: end engage
2025-01-02 14:02:55,690 INFO runmanager: S:\Experiments\Yb171_MOT_Tweezer_trap\experimental_params.h5:Experimental Timings - new global: EXPERIMENT_TIME
2025-01-02 14:02:55,705 DEBUG runmanager: S:\Experiments\Yb171_MOT_Tweezer_trap\experimental_params.h5:Experimental Timings - make global row: EXPERIMENT_TIME 
2025-01-02 14:02:55,727 INFO runmanager: setting tab icon
2025-01-02 14:02:59,931 INFO runmanager: S:\Experiments\Yb171_MOT_Tweezer_trap\experimental_params.h5:Experimental Timings - change global value: EXPERIMENT_TIME =  -> 15
2025-01-02 14:02:59,947 DEBUG runmanager: S:\Experiments\Yb171_MOT_Tweezer_trap\experimental_params.h5:Experimental Timings - check for boolean values: EXPERIMENT_TIME
2025-01-02 14:02:59,968 INFO runmanager: setting tab icon
2025-01-02 14:03:04,619 INFO runmanager: S:\Experiments\Yb171_MOT_Tweezer_trap\experimental_params.h5:Experimental Timings - change units: EXPERIMENT_TIME =  -> s
2025-01-02 14:03:09,907 INFO runmanager: Engage
2025-01-02 14:03:09,907 INFO runmanager: Parsing globals...
2025-01-02 14:03:09,917 INFO runmanager: Making h5 files
2025-01-02 14:03:09,928 DEBUG runmanager: <generator object make_run_files at 0x00000240AC5B1E70>
2025-01-02 14:03:09,928 INFO runmanager: end engage
2025-01-02 14:03:32,915 INFO runmanager: 

===============starting===============

2025-01-02 14:03:33,364 DEBUG runmanager: S:\Experiments\Yb171_MOT_Tweezer_trap\experimental_params.h5:MOT Parameters - make global row: B_FINAL 
2025-01-02 14:03:33,364 DEBUG runmanager: S:\Experiments\Yb171_MOT_Tweezer_trap\experimental_params.h5:MOT Parameters - check for boolean values: B_FINAL
2025-01-02 14:03:33,364 DEBUG runmanager: S:\Experiments\Yb171_MOT_Tweezer_trap\experimental_params.h5:MOT Parameters - make global row: B_INITIAL 
2025-01-02 14:03:33,365 DEBUG runmanager: S:\Experiments\Yb171_MOT_Tweezer_trap\experimental_params.h5:MOT Parameters - check for boolean values: B_INITIAL
2025-01-02 14:03:33,365 DEBUG runmanager: S:\Experiments\Yb171_MOT_Tweezer_trap\experimental_params.h5:MOT Parameters - make global row: RAMP_DURATION 
2025-01-02 14:03:33,365 DEBUG runmanager: S:\Experiments\Yb171_MOT_Tweezer_trap\experimental_params.h5:MOT Parameters - check for boolean values: RAMP_DURATION
2025-01-02 14:03:33,365 DEBUG runmanager: S:\Experiments\Yb171_MOT_Tweezer_trap\experimental_params.h5:MOT Parameters - make global row: TIME_TO_TRIGGER_CAMERA_AFTER_RAMP 
2025-01-02 14:03:33,365 DEBUG runmanager: S:\Experiments\Yb171_MOT_Tweezer_trap\experimental_params.h5:MOT Parameters - check for boolean values: TIME_TO_TRIGGER_CAMERA_AFTER_RAMP
2025-01-02 14:04:02,591 INFO runmanager: Engage
2025-01-02 14:04:02,591 INFO runmanager: Parsing globals...
2025-01-02 14:04:02,600 INFO runmanager: Making h5 files
2025-01-02 14:04:02,610 DEBUG runmanager: <generator object make_run_files at 0x00000233EEAA5E70>
2025-01-02 14:04:02,611 INFO runmanager: end engage
2025-01-02 14:04:18,176 INFO runmanager: Engage
2025-01-02 14:04:18,176 INFO runmanager: Parsing globals...
2025-01-02 14:04:18,180 INFO runmanager: Making h5 files
2025-01-02 14:04:18,191 DEBUG runmanager: <generator object make_run_files at 0x00000233EEAA5FC0>
2025-01-02 14:04:18,191 INFO runmanager: end engage
2025-01-02 14:06:47,918 DEBUG runmanager: S:\Experiments\Yb171_MOT_Tweezer_trap\experimental_params.h5:Experimental Timings - make global row: EXPERIMENT_TIME 
2025-01-02 14:06:47,919 DEBUG runmanager: S:\Experiments\Yb171_MOT_Tweezer_trap\experimental_params.h5:Experimental Timings - check for boolean values: EXPERIMENT_TIME
2025-01-02 14:06:50,737 INFO runmanager: S:\Experiments\Yb171_MOT_Tweezer_trap\experimental_params.h5:Experimental Timings - change global value: EXPERIMENT_TIME = 15 -> 20
2025-01-02 14:06:50,749 DEBUG runmanager: S:\Experiments\Yb171_MOT_Tweezer_trap\experimental_params.h5:Experimental Timings - check for boolean values: EXPERIMENT_TIME
2025-01-02 14:06:56,970 INFO runmanager: Engage
2025-01-02 14:06:56,971 INFO runmanager: Parsing globals...
2025-01-02 14:06:56,975 INFO runmanager: Making h5 files
2025-01-02 14:06:56,985 DEBUG runmanager: <generator object make_run_files at 0x00000233EEAA6110>
2025-01-02 14:06:56,985 INFO runmanager: end engage
2025-01-02 14:12:49,327 INFO runmanager: Engage
2025-01-02 14:12:49,327 INFO runmanager: Parsing globals...
2025-01-02 14:12:49,334 INFO runmanager: Making h5 files
2025-01-02 14:12:49,342 DEBUG runmanager: <generator object make_run_files at 0x00000233EEAA5E70>
2025-01-02 14:12:49,342 INFO runmanager: end engage
2025-01-02 14:13:12,289 INFO runmanager: 

===============starting===============

2025-01-02 14:13:12,734 DEBUG runmanager: S:\Experiments\Yb171_MOT_Tweezer_trap\experimental_params.h5:MOT Parameters - make global row: B_FINAL 
2025-01-02 14:13:12,734 DEBUG runmanager: S:\Experiments\Yb171_MOT_Tweezer_trap\experimental_params.h5:MOT Parameters - check for boolean values: B_FINAL
2025-01-02 14:13:12,734 DEBUG runmanager: S:\Experiments\Yb171_MOT_Tweezer_trap\experimental_params.h5:MOT Parameters - make global row: B_INITIAL 
2025-01-02 14:13:12,734 DEBUG runmanager: S:\Experiments\Yb171_MOT_Tweezer_trap\experimental_params.h5:MOT Parameters - check for boolean values: B_INITIAL
2025-01-02 14:13:12,734 DEBUG runmanager: S:\Experiments\Yb171_MOT_Tweezer_trap\experimental_params.h5:MOT Parameters - make global row: RAMP_DURATION 
2025-01-02 14:13:12,734 DEBUG runmanager: S:\Experiments\Yb171_MOT_Tweezer_trap\experimental_params.h5:MOT Parameters - check for boolean values: RAMP_DURATION
2025-01-02 14:13:12,734 DEBUG runmanager: S:\Experiments\Yb171_MOT_Tweezer_trap\experimental_params.h5:MOT Parameters - make global row: TIME_TO_TRIGGER_CAMERA_AFTER_RAMP 
2025-01-02 14:13:12,735 DEBUG runmanager: S:\Experiments\Yb171_MOT_Tweezer_trap\experimental_params.h5:MOT Parameters - check for boolean values: TIME_TO_TRIGGER_CAMERA_AFTER_RAMP
2025-01-02 14:13:17,433 INFO runmanager: Engage
2025-01-02 14:13:17,434 INFO runmanager: Parsing globals...
2025-01-02 14:13:17,438 INFO runmanager: Making h5 files
2025-01-02 14:13:17,453 DEBUG runmanager: <generator object make_run_files at 0x00000169FF7F7B50>
2025-01-02 14:13:17,453 INFO runmanager: end engage
2025-01-02 14:13:26,431 DEBUG runmanager: S:\Experiments\Yb171_MOT_Tweezer_trap\experimental_params.h5:Experimental Timings - make global row: EXPERIMENT_TIME 
2025-01-02 14:13:26,431 DEBUG runmanager: S:\Experiments\Yb171_MOT_Tweezer_trap\experimental_params.h5:Experimental Timings - check for boolean values: EXPERIMENT_TIME
2025-01-02 14:13:32,658 INFO runmanager: Engage
2025-01-02 14:13:32,659 INFO runmanager: Parsing globals...
2025-01-02 14:13:32,662 INFO runmanager: Making h5 files
2025-01-02 14:13:32,674 DEBUG runmanager: <generator object make_run_files at 0x00000169FFBB5FC0>
2025-01-02 14:13:32,674 INFO runmanager: end engage
2025-01-02 14:57:14,940 INFO runmanager: Engage
2025-01-02 14:57:14,940 INFO runmanager: Parsing globals...
2025-01-02 14:57:14,950 INFO runmanager: Making h5 files
2025-01-02 14:57:14,959 DEBUG runmanager: <generator object make_run_files at 0x00000169FF7F7B50>
2025-01-02 14:57:14,959 INFO runmanager: end engage
2025-01-02 15:44:25,996 INFO runmanager: 

===============starting===============

2025-01-02 15:44:26,467 DEBUG runmanager: S:\Experiments\Yb171_MOT_Tweezer_trap\experimental_params.h5:MOT Parameters - make global row: B_FINAL 
2025-01-02 15:44:26,468 DEBUG runmanager: S:\Experiments\Yb171_MOT_Tweezer_trap\experimental_params.h5:MOT Parameters - check for boolean values: B_FINAL
2025-01-02 15:44:26,468 DEBUG runmanager: S:\Experiments\Yb171_MOT_Tweezer_trap\experimental_params.h5:MOT Parameters - make global row: B_INITIAL 
2025-01-02 15:44:26,468 DEBUG runmanager: S:\Experiments\Yb171_MOT_Tweezer_trap\experimental_params.h5:MOT Parameters - check for boolean values: B_INITIAL
2025-01-02 15:44:26,468 DEBUG runmanager: S:\Experiments\Yb171_MOT_Tweezer_trap\experimental_params.h5:MOT Parameters - make global row: RAMP_DURATION 
2025-01-02 15:44:26,468 DEBUG runmanager: S:\Experiments\Yb171_MOT_Tweezer_trap\experimental_params.h5:MOT Parameters - check for boolean values: RAMP_DURATION
2025-01-02 15:44:26,468 DEBUG runmanager: S:\Experiments\Yb171_MOT_Tweezer_trap\experimental_params.h5:MOT Parameters - make global row: TIME_TO_TRIGGER_CAMERA_AFTER_RAMP 
2025-01-02 15:44:26,469 DEBUG runmanager: S:\Experiments\Yb171_MOT_Tweezer_trap\experimental_params.h5:MOT Parameters - check for boolean values: TIME_TO_TRIGGER_CAMERA_AFTER_RAMP
2025-01-02 15:44:41,532 INFO runmanager: Engage
2025-01-02 15:44:41,532 INFO runmanager: Parsing globals...
2025-01-02 15:44:41,542 INFO runmanager: Making h5 files
2025-01-02 15:44:41,554 DEBUG runmanager: <generator object make_run_files at 0x000001C0BB795E70>
2025-01-02 15:44:41,554 INFO runmanager: end engage
2025-01-02 15:47:16,774 DEBUG runmanager: S:\Experiments\Yb171_MOT_Tweezer_trap\experimental_params.h5:Experimental Timings - make global row: EXPERIMENT_TIME 
2025-01-02 15:47:16,774 DEBUG runmanager: S:\Experiments\Yb171_MOT_Tweezer_trap\experimental_params.h5:Experimental Timings - check for boolean values: EXPERIMENT_TIME
2025-01-02 15:47:53,291 INFO runmanager: S:\Experiments\Yb171_MOT_Tweezer_trap\experimental_params.h5:Experimental Timings - new global: TIME_UNTIL_RAMP
2025-01-02 15:47:53,301 DEBUG runmanager: S:\Experiments\Yb171_MOT_Tweezer_trap\experimental_params.h5:Experimental Timings - make global row: TIME_UNTIL_RAMP 
2025-01-02 15:47:53,328 INFO runmanager: setting tab icon
2025-01-02 15:48:19,947 INFO runmanager: S:\Experiments\Yb171_MOT_Tweezer_trap\experimental_params.h5:Experimental Timings - change global value: TIME_UNTIL_RAMP =  -> 2
2025-01-02 15:48:19,969 DEBUG runmanager: S:\Experiments\Yb171_MOT_Tweezer_trap\experimental_params.h5:Experimental Timings - check for boolean values: TIME_UNTIL_RAMP
2025-01-02 15:48:19,987 INFO runmanager: setting tab icon
2025-01-02 15:48:23,539 INFO runmanager: S:\Experiments\Yb171_MOT_Tweezer_trap\experimental_params.h5:Experimental Timings - change units: TIME_UNTIL_RAMP =  -> s
2025-01-02 15:50:29,976 INFO runmanager: Engage
2025-01-02 15:50:29,976 INFO runmanager: Parsing globals...
2025-01-02 15:50:29,986 INFO runmanager: Making h5 files
2025-01-02 15:50:29,996 DEBUG runmanager: <generator object make_run_files at 0x000001C0BB795FC0>
2025-01-02 15:50:29,996 INFO runmanager: end engage
2025-01-02 15:54:41,564 INFO runmanager: 

===============starting===============

2025-01-02 15:54:42,012 DEBUG runmanager: S:\Experiments\Yb171_MOT_Tweezer_trap\experimental_params.h5:MOT Parameters - make global row: B_FINAL 
2025-01-02 15:54:42,013 DEBUG runmanager: S:\Experiments\Yb171_MOT_Tweezer_trap\experimental_params.h5:MOT Parameters - check for boolean values: B_FINAL
2025-01-02 15:54:42,013 DEBUG runmanager: S:\Experiments\Yb171_MOT_Tweezer_trap\experimental_params.h5:MOT Parameters - make global row: B_INITIAL 
2025-01-02 15:54:42,013 DEBUG runmanager: S:\Experiments\Yb171_MOT_Tweezer_trap\experimental_params.h5:MOT Parameters - check for boolean values: B_INITIAL
2025-01-02 15:54:42,013 DEBUG runmanager: S:\Experiments\Yb171_MOT_Tweezer_trap\experimental_params.h5:MOT Parameters - make global row: RAMP_DURATION 
2025-01-02 15:54:42,013 DEBUG runmanager: S:\Experiments\Yb171_MOT_Tweezer_trap\experimental_params.h5:MOT Parameters - check for boolean values: RAMP_DURATION
2025-01-02 15:54:42,014 DEBUG runmanager: S:\Experiments\Yb171_MOT_Tweezer_trap\experimental_params.h5:MOT Parameters - make global row: TIME_TO_TRIGGER_CAMERA_AFTER_RAMP 
2025-01-02 15:54:42,014 DEBUG runmanager: S:\Experiments\Yb171_MOT_Tweezer_trap\experimental_params.h5:MOT Parameters - check for boolean values: TIME_TO_TRIGGER_CAMERA_AFTER_RAMP
2025-01-02 15:54:46,521 INFO runmanager: Engage
2025-01-02 15:54:46,521 INFO runmanager: Parsing globals...
2025-01-02 15:54:46,526 INFO runmanager: Making h5 files
2025-01-02 15:54:46,538 DEBUG runmanager: <generator object make_run_files at 0x000001EFE369DE70>
2025-01-02 15:54:46,538 INFO runmanager: end engage
2025-01-02 15:54:52,029 DEBUG runmanager: S:\Experiments\Yb171_MOT_Tweezer_trap\experimental_params.h5:Experimental Timings - make global row: EXPERIMENT_TIME 
2025-01-02 15:54:52,030 DEBUG runmanager: S:\Experiments\Yb171_MOT_Tweezer_trap\experimental_params.h5:Experimental Timings - check for boolean values: EXPERIMENT_TIME
2025-01-02 15:54:52,030 DEBUG runmanager: S:\Experiments\Yb171_MOT_Tweezer_trap\experimental_params.h5:Experimental Timings - make global row: TIME_UNTIL_RAMP 
2025-01-02 15:54:52,030 DEBUG runmanager: S:\Experiments\Yb171_MOT_Tweezer_trap\experimental_params.h5:Experimental Timings - check for boolean values: TIME_UNTIL_RAMP
2025-01-02 15:54:55,248 INFO runmanager: Engage
2025-01-02 15:54:55,248 INFO runmanager: Parsing globals...
2025-01-02 15:54:55,253 INFO runmanager: Making h5 files
2025-01-02 15:54:55,265 DEBUG runmanager: <generator object make_run_files at 0x000001EFE369DFC0>
2025-01-02 15:54:55,266 INFO runmanager: end engage
2025-01-02 15:55:32,485 INFO runmanager: 

===============starting===============

2025-01-02 15:55:32,935 DEBUG runmanager: S:\Experiments\Yb171_MOT_Tweezer_trap\experimental_params.h5:MOT Parameters - make global row: B_FINAL 
2025-01-02 15:55:32,935 DEBUG runmanager: S:\Experiments\Yb171_MOT_Tweezer_trap\experimental_params.h5:MOT Parameters - check for boolean values: B_FINAL
2025-01-02 15:55:32,935 DEBUG runmanager: S:\Experiments\Yb171_MOT_Tweezer_trap\experimental_params.h5:MOT Parameters - make global row: B_INITIAL 
2025-01-02 15:55:32,935 DEBUG runmanager: S:\Experiments\Yb171_MOT_Tweezer_trap\experimental_params.h5:MOT Parameters - check for boolean values: B_INITIAL
2025-01-02 15:55:32,935 DEBUG runmanager: S:\Experiments\Yb171_MOT_Tweezer_trap\experimental_params.h5:MOT Parameters - make global row: RAMP_DURATION 
2025-01-02 15:55:32,936 DEBUG runmanager: S:\Experiments\Yb171_MOT_Tweezer_trap\experimental_params.h5:MOT Parameters - check for boolean values: RAMP_DURATION
2025-01-02 15:55:32,936 DEBUG runmanager: S:\Experiments\Yb171_MOT_Tweezer_trap\experimental_params.h5:MOT Parameters - make global row: TIME_TO_TRIGGER_CAMERA_AFTER_RAMP 
2025-01-02 15:55:32,936 DEBUG runmanager: S:\Experiments\Yb171_MOT_Tweezer_trap\experimental_params.h5:MOT Parameters - check for boolean values: TIME_TO_TRIGGER_CAMERA_AFTER_RAMP
2025-01-02 15:55:44,958 DEBUG runmanager: S:\Experiments\Yb171_MOT_Tweezer_trap\experimental_params.h5:Experimental Timings - make global row: EXPERIMENT_TIME 
2025-01-02 15:55:44,958 DEBUG runmanager: S:\Experiments\Yb171_MOT_Tweezer_trap\experimental_params.h5:Experimental Timings - check for boolean values: EXPERIMENT_TIME
2025-01-02 15:55:44,958 DEBUG runmanager: S:\Experiments\Yb171_MOT_Tweezer_trap\experimental_params.h5:Experimental Timings - make global row: TIME_UNTIL_RAMP 
2025-01-02 15:55:44,958 DEBUG runmanager: S:\Experiments\Yb171_MOT_Tweezer_trap\experimental_params.h5:Experimental Timings - check for boolean values: TIME_UNTIL_RAMP
2025-01-02 15:55:51,530 INFO runmanager: Engage
2025-01-02 15:55:51,531 INFO runmanager: Parsing globals...
2025-01-02 15:55:51,535 INFO runmanager: Making h5 files
2025-01-02 15:55:51,547 DEBUG runmanager: <generator object make_run_files at 0x000001390A3F5E70>
2025-01-02 15:55:51,547 INFO runmanager: end engage
2025-01-02 16:00:29,670 INFO runmanager: 

===============starting===============

2025-01-02 16:00:30,112 DEBUG runmanager: S:\Experiments\Yb171_MOT_Tweezer_trap\experimental_params.h5:MOT Parameters - make global row: B_FINAL 
2025-01-02 16:00:30,113 DEBUG runmanager: S:\Experiments\Yb171_MOT_Tweezer_trap\experimental_params.h5:MOT Parameters - check for boolean values: B_FINAL
2025-01-02 16:00:30,113 DEBUG runmanager: S:\Experiments\Yb171_MOT_Tweezer_trap\experimental_params.h5:MOT Parameters - make global row: B_INITIAL 
2025-01-02 16:00:30,113 DEBUG runmanager: S:\Experiments\Yb171_MOT_Tweezer_trap\experimental_params.h5:MOT Parameters - check for boolean values: B_INITIAL
2025-01-02 16:00:30,113 DEBUG runmanager: S:\Experiments\Yb171_MOT_Tweezer_trap\experimental_params.h5:MOT Parameters - make global row: RAMP_DURATION 
2025-01-02 16:00:30,113 DEBUG runmanager: S:\Experiments\Yb171_MOT_Tweezer_trap\experimental_params.h5:MOT Parameters - check for boolean values: RAMP_DURATION
2025-01-02 16:00:30,113 DEBUG runmanager: S:\Experiments\Yb171_MOT_Tweezer_trap\experimental_params.h5:MOT Parameters - make global row: TIME_TO_TRIGGER_CAMERA_AFTER_RAMP 
2025-01-02 16:00:30,114 DEBUG runmanager: S:\Experiments\Yb171_MOT_Tweezer_trap\experimental_params.h5:MOT Parameters - check for boolean values: TIME_TO_TRIGGER_CAMERA_AFTER_RAMP
2025-01-02 16:00:30,127 DEBUG runmanager: S:\Experiments\Yb171_MOT_Tweezer_trap\experimental_params.h5:Experimental Timings - make global row: EXPERIMENT_TIME 
2025-01-02 16:00:30,127 DEBUG runmanager: S:\Experiments\Yb171_MOT_Tweezer_trap\experimental_params.h5:Experimental Timings - check for boolean values: EXPERIMENT_TIME
2025-01-02 16:00:30,128 DEBUG runmanager: S:\Experiments\Yb171_MOT_Tweezer_trap\experimental_params.h5:Experimental Timings - make global row: TIME_UNTIL_RAMP 
2025-01-02 16:00:30,128 DEBUG runmanager: S:\Experiments\Yb171_MOT_Tweezer_trap\experimental_params.h5:Experimental Timings - check for boolean values: TIME_UNTIL_RAMP
2025-01-02 16:00:44,291 INFO runmanager: Engage
2025-01-02 16:00:44,291 INFO runmanager: Parsing globals...
2025-01-02 16:00:44,300 INFO runmanager: Making h5 files
2025-01-02 16:00:44,307 DEBUG runmanager: <generator object make_run_files at 0x00000162C7AD1D20>
2025-01-02 16:00:44,307 INFO runmanager: end engage
2025-01-02 16:04:46,978 INFO runmanager: Engage
2025-01-02 16:04:46,979 INFO runmanager: Parsing globals...
2025-01-02 16:04:46,990 INFO runmanager: Making h5 files
2025-01-02 16:04:47,003 DEBUG runmanager: <generator object make_run_files at 0x00000162C7AD1FC0>
2025-01-02 16:04:47,003 INFO runmanager: end engage
2025-01-02 16:05:40,324 INFO runmanager: 

===============starting===============

2025-01-02 16:05:40,772 DEBUG runmanager: S:\Experiments\Yb171_MOT_Tweezer_trap\experimental_params.h5:MOT Parameters - make global row: B_FINAL 
2025-01-02 16:05:40,773 DEBUG runmanager: S:\Experiments\Yb171_MOT_Tweezer_trap\experimental_params.h5:MOT Parameters - check for boolean values: B_FINAL
2025-01-02 16:05:40,773 DEBUG runmanager: S:\Experiments\Yb171_MOT_Tweezer_trap\experimental_params.h5:MOT Parameters - make global row: B_INITIAL 
2025-01-02 16:05:40,773 DEBUG runmanager: S:\Experiments\Yb171_MOT_Tweezer_trap\experimental_params.h5:MOT Parameters - check for boolean values: B_INITIAL
2025-01-02 16:05:40,773 DEBUG runmanager: S:\Experiments\Yb171_MOT_Tweezer_trap\experimental_params.h5:MOT Parameters - make global row: RAMP_DURATION 
2025-01-02 16:05:40,773 DEBUG runmanager: S:\Experiments\Yb171_MOT_Tweezer_trap\experimental_params.h5:MOT Parameters - check for boolean values: RAMP_DURATION
2025-01-02 16:05:40,773 DEBUG runmanager: S:\Experiments\Yb171_MOT_Tweezer_trap\experimental_params.h5:MOT Parameters - make global row: TIME_TO_TRIGGER_CAMERA_AFTER_RAMP 
2025-01-02 16:05:40,774 DEBUG runmanager: S:\Experiments\Yb171_MOT_Tweezer_trap\experimental_params.h5:MOT Parameters - check for boolean values: TIME_TO_TRIGGER_CAMERA_AFTER_RAMP
2025-01-02 16:05:40,787 DEBUG runmanager: S:\Experiments\Yb171_MOT_Tweezer_trap\experimental_params.h5:Experimental Timings - make global row: EXPERIMENT_TIME 
2025-01-02 16:05:40,787 DEBUG runmanager: S:\Experiments\Yb171_MOT_Tweezer_trap\experimental_params.h5:Experimental Timings - check for boolean values: EXPERIMENT_TIME
2025-01-02 16:05:40,787 DEBUG runmanager: S:\Experiments\Yb171_MOT_Tweezer_trap\experimental_params.h5:Experimental Timings - make global row: TIME_UNTIL_RAMP 
2025-01-02 16:05:40,788 DEBUG runmanager: S:\Experiments\Yb171_MOT_Tweezer_trap\experimental_params.h5:Experimental Timings - check for boolean values: TIME_UNTIL_RAMP
2025-01-02 16:05:46,453 INFO runmanager: Engage
2025-01-02 16:05:46,453 INFO runmanager: Parsing globals...
2025-01-02 16:05:46,458 INFO runmanager: Making h5 files
2025-01-02 16:05:46,469 DEBUG runmanager: <generator object make_run_files at 0x0000018D57A17B50>
2025-01-02 16:05:46,469 INFO runmanager: end engage
2025-01-02 16:05:57,525 INFO runmanager: Engage
2025-01-02 16:05:57,526 INFO runmanager: Parsing globals...
2025-01-02 16:05:57,531 INFO runmanager: Making h5 files
2025-01-02 16:05:57,542 DEBUG runmanager: <generator object make_run_files at 0x0000018D57DD1FC0>
2025-01-02 16:05:57,542 INFO runmanager: end engage
2025-01-02 16:17:01,792 INFO runmanager: Engage
2025-01-02 16:17:01,792 INFO runmanager: Parsing globals...
2025-01-02 16:17:01,801 INFO runmanager: Making h5 files
2025-01-02 16:17:01,810 DEBUG runmanager: <generator object make_run_files at 0x0000018D57DD2110>
2025-01-02 16:17:01,810 INFO runmanager: end engage
2025-01-02 16:17:44,761 INFO runmanager: Engage
2025-01-02 16:17:44,761 INFO runmanager: Parsing globals...
2025-01-02 16:17:44,768 INFO runmanager: Making h5 files
2025-01-02 16:17:44,775 DEBUG runmanager: <generator object make_run_files at 0x0000018D57DD2260>
2025-01-02 16:17:44,775 INFO runmanager: end engage
2025-01-02 16:18:16,650 INFO runmanager: Engage
2025-01-02 16:18:16,651 INFO runmanager: Parsing globals...
2025-01-02 16:18:16,659 INFO runmanager: Making h5 files
2025-01-02 16:18:16,666 DEBUG runmanager: <generator object make_run_files at 0x0000018D57DD1FC0>
2025-01-02 16:18:16,666 INFO runmanager: end engage
2025-01-02 16:18:24,842 INFO runmanager: Engage
2025-01-02 16:18:24,843 INFO runmanager: Parsing globals...
2025-01-02 16:18:24,847 INFO runmanager: Making h5 files
2025-01-02 16:18:24,855 DEBUG runmanager: <generator object make_run_files at 0x0000018D57DD2110>
2025-01-02 16:18:24,855 INFO runmanager: end engage
2025-01-02 16:18:50,115 INFO runmanager: Engage
2025-01-02 16:18:50,116 INFO runmanager: Parsing globals...
2025-01-02 16:18:50,126 INFO runmanager: Making h5 files
2025-01-02 16:18:50,134 DEBUG runmanager: <generator object make_run_files at 0x0000018D57DD2260>
2025-01-02 16:18:50,134 INFO runmanager: end engage
2025-01-02 16:18:57,707 INFO runmanager: Engage
2025-01-02 16:18:57,707 INFO runmanager: Parsing globals...
2025-01-02 16:18:57,711 INFO runmanager: Making h5 files
2025-01-02 16:18:57,718 DEBUG runmanager: <generator object make_run_files at 0x0000018D57DD1FC0>
2025-01-02 16:18:57,718 INFO runmanager: end engage
2025-01-02 16:19:04,067 INFO runmanager: Engage
2025-01-02 16:19:04,068 INFO runmanager: Parsing globals...
2025-01-02 16:19:04,072 INFO runmanager: Making h5 files
2025-01-02 16:19:04,083 DEBUG runmanager: <generator object make_run_files at 0x0000018D57DD2110>
2025-01-02 16:19:04,083 INFO runmanager: end engage
2025-01-02 16:20:29,782 INFO runmanager: Engage
2025-01-02 16:20:29,782 INFO runmanager: Parsing globals...
2025-01-02 16:20:29,790 INFO runmanager: Making h5 files
2025-01-02 16:20:29,799 DEBUG runmanager: <generator object make_run_files at 0x0000018D57DD2260>
2025-01-02 16:20:29,799 INFO runmanager: end engage
2025-01-02 16:43:16,945 INFO runmanager: Engage
2025-01-02 16:43:16,946 INFO runmanager: Parsing globals...
2025-01-02 16:43:16,956 INFO runmanager: Making h5 files
2025-01-02 16:43:16,966 DEBUG runmanager: <generator object make_run_files at 0x0000018D57DD1FC0>
2025-01-02 16:43:16,966 INFO runmanager: end engage
2025-01-02 16:48:45,264 INFO runmanager: Engage
2025-01-02 16:48:45,265 INFO runmanager: Parsing globals...
2025-01-02 16:48:45,273 INFO runmanager: Making h5 files
2025-01-02 16:48:45,280 DEBUG runmanager: <generator object make_run_files at 0x0000018D57DD2110>
2025-01-02 16:48:45,280 INFO runmanager: end engage
2025-01-02 16:49:48,550 INFO runmanager: 

===============starting===============

2025-01-02 16:49:48,985 DEBUG runmanager: S:\Experiments\Yb171_MOT_Tweezer_trap\experimental_params.h5:MOT Parameters - make global row: B_FINAL 
2025-01-02 16:49:48,985 DEBUG runmanager: S:\Experiments\Yb171_MOT_Tweezer_trap\experimental_params.h5:MOT Parameters - check for boolean values: B_FINAL
2025-01-02 16:49:48,985 DEBUG runmanager: S:\Experiments\Yb171_MOT_Tweezer_trap\experimental_params.h5:MOT Parameters - make global row: B_INITIAL 
2025-01-02 16:49:48,986 DEBUG runmanager: S:\Experiments\Yb171_MOT_Tweezer_trap\experimental_params.h5:MOT Parameters - check for boolean values: B_INITIAL
2025-01-02 16:49:48,986 DEBUG runmanager: S:\Experiments\Yb171_MOT_Tweezer_trap\experimental_params.h5:MOT Parameters - make global row: RAMP_DURATION 
2025-01-02 16:49:48,986 DEBUG runmanager: S:\Experiments\Yb171_MOT_Tweezer_trap\experimental_params.h5:MOT Parameters - check for boolean values: RAMP_DURATION
2025-01-02 16:49:48,986 DEBUG runmanager: S:\Experiments\Yb171_MOT_Tweezer_trap\experimental_params.h5:MOT Parameters - make global row: TIME_TO_TRIGGER_CAMERA_AFTER_RAMP 
2025-01-02 16:49:48,986 DEBUG runmanager: S:\Experiments\Yb171_MOT_Tweezer_trap\experimental_params.h5:MOT Parameters - check for boolean values: TIME_TO_TRIGGER_CAMERA_AFTER_RAMP
2025-01-02 16:49:49,000 DEBUG runmanager: S:\Experiments\Yb171_MOT_Tweezer_trap\experimental_params.h5:Experimental Timings - make global row: EXPERIMENT_TIME 
2025-01-02 16:49:49,000 DEBUG runmanager: S:\Experiments\Yb171_MOT_Tweezer_trap\experimental_params.h5:Experimental Timings - check for boolean values: EXPERIMENT_TIME
2025-01-02 16:49:49,000 DEBUG runmanager: S:\Experiments\Yb171_MOT_Tweezer_trap\experimental_params.h5:Experimental Timings - make global row: TIME_UNTIL_RAMP 
2025-01-02 16:49:49,000 DEBUG runmanager: S:\Experiments\Yb171_MOT_Tweezer_trap\experimental_params.h5:Experimental Timings - check for boolean values: TIME_UNTIL_RAMP
2025-01-02 16:50:01,195 INFO runmanager: Engage
2025-01-02 16:50:01,195 INFO runmanager: Parsing globals...
2025-01-02 16:50:01,201 INFO runmanager: Making h5 files
2025-01-02 16:50:01,211 DEBUG runmanager: <generator object make_run_files at 0x00000237556DDE70>
2025-01-02 16:50:01,211 INFO runmanager: end engage
2025-01-02 16:50:08,810 INFO runmanager: Engage
2025-01-02 16:50:08,811 INFO runmanager: Parsing globals...
2025-01-02 16:50:08,814 INFO runmanager: Making h5 files
2025-01-02 16:50:08,821 DEBUG runmanager: <generator object make_run_files at 0x00000237556DDFC0>
2025-01-02 16:50:08,821 INFO runmanager: end engage
2025-01-02 16:57:39,829 INFO runmanager: Engage
2025-01-02 16:57:39,830 INFO runmanager: Parsing globals...
2025-01-02 16:57:39,841 INFO runmanager: Making h5 files
2025-01-02 16:57:39,851 DEBUG runmanager: <generator object make_run_files at 0x00000237556DDE70>
2025-01-02 16:57:39,851 INFO runmanager: end engage
2025-01-02 16:59:34,504 INFO runmanager: Engage
2025-01-02 16:59:34,504 INFO runmanager: Parsing globals...
2025-01-02 16:59:34,515 INFO runmanager: Making h5 files
2025-01-02 16:59:34,524 DEBUG runmanager: <generator object make_run_files at 0x00000237556DE260>
2025-01-02 16:59:34,524 INFO runmanager: end engage
2025-01-02 17:21:23,428 INFO runmanager: S:\Experiments\Yb171_MOT_Tweezer_trap\example_globals2.h5:example group - new global: turn on
2025-01-02 17:21:51,012 INFO runmanager: S:\Experiments\Yb171_MOT_Tweezer_trap\example_globals2.h5:example group - new global: TURN_ON
2025-01-02 17:21:51,020 DEBUG runmanager: S:\Experiments\Yb171_MOT_Tweezer_trap\example_globals2.h5:example group - make global row: TURN_ON 
2025-01-02 17:21:51,044 INFO runmanager: setting tab icon
2025-01-02 17:21:56,876 INFO runmanager: S:\Experiments\Yb171_MOT_Tweezer_trap\example_globals2.h5:example group - change global value: TURN_ON =  -> True
2025-01-02 17:21:56,887 DEBUG runmanager: S:\Experiments\Yb171_MOT_Tweezer_trap\example_globals2.h5:example group - check for boolean values: TURN_ON
2025-01-02 17:21:56,888 INFO runmanager: S:\Experiments\Yb171_MOT_Tweezer_trap\example_globals2.h5:example group - change units: TURN_ON =  -> Bool
2025-01-02 17:21:56,911 INFO runmanager: setting tab icon
2025-01-02 17:22:12,987 INFO runmanager: S:\Experiments\Yb171_MOT_Tweezer_trap\example_globals2.h5:example group - new global: SETPOINT
2025-01-02 17:22:12,994 DEBUG runmanager: S:\Experiments\Yb171_MOT_Tweezer_trap\example_globals2.h5:example group - make global row: SETPOINT 
2025-01-02 17:22:13,014 INFO runmanager: setting tab icon
2025-01-02 17:22:17,699 INFO runmanager: S:\Experiments\Yb171_MOT_Tweezer_trap\example_globals2.h5:example group - change global value: SETPOINT =  -> 5
2025-01-02 17:22:17,707 DEBUG runmanager: S:\Experiments\Yb171_MOT_Tweezer_trap\example_globals2.h5:example group - check for boolean values: SETPOINT
2025-01-02 17:22:17,723 INFO runmanager: setting tab icon
2025-01-02 17:22:21,141 INFO runmanager: S:\Experiments\Yb171_MOT_Tweezer_trap\example_globals2.h5:example group - change units: SETPOINT =  -> V
2025-01-02 17:22:32,261 INFO runmanager: S:\Experiments\Yb171_MOT_Tweezer_trap\example_globals2.h5:example group - new global: EXAMPLE_TIMING
2025-01-02 17:22:32,275 DEBUG runmanager: S:\Experiments\Yb171_MOT_Tweezer_trap\example_globals2.h5:example group - make global row: EXAMPLE_TIMING 
2025-01-02 17:22:32,303 INFO runmanager: setting tab icon
2025-01-02 17:22:37,301 INFO runmanager: S:\Experiments\Yb171_MOT_Tweezer_trap\example_globals2.h5:example group - change global value: EXAMPLE_TIMING =  -> 2
2025-01-02 17:22:37,315 DEBUG runmanager: S:\Experiments\Yb171_MOT_Tweezer_trap\example_globals2.h5:example group - check for boolean values: EXAMPLE_TIMING
2025-01-02 17:22:37,333 INFO runmanager: setting tab icon
2025-01-02 17:22:40,949 INFO runmanager: S:\Experiments\Yb171_MOT_Tweezer_trap\example_globals2.h5:example group - change units: EXAMPLE_TIMING =  -> s
2025-01-02 17:22:42,700 INFO runmanager: S:\Experiments\Yb171_MOT_Tweezer_trap\example_globals2.h5:example group - change global value: TURN_ON = True -> False
2025-01-02 17:22:42,711 DEBUG runmanager: S:\Experiments\Yb171_MOT_Tweezer_trap\example_globals2.h5:example group - check for boolean values: TURN_ON
2025-01-02 17:22:43,221 INFO runmanager: S:\Experiments\Yb171_MOT_Tweezer_trap\example_globals2.h5:example group - change global value: TURN_ON = False -> True
2025-01-02 17:22:43,233 DEBUG runmanager: S:\Experiments\Yb171_MOT_Tweezer_trap\example_globals2.h5:example group - check for boolean values: TURN_ON
2025-01-02 17:22:43,821 INFO runmanager: S:\Experiments\Yb171_MOT_Tweezer_trap\example_globals2.h5:example group - change global value: TURN_ON = True -> False
2025-01-02 17:22:43,837 DEBUG runmanager: S:\Experiments\Yb171_MOT_Tweezer_trap\example_globals2.h5:example group - check for boolean values: TURN_ON
2025-01-02 17:22:44,316 INFO runmanager: S:\Experiments\Yb171_MOT_Tweezer_trap\example_globals2.h5:example group - change global value: TURN_ON = False -> True
2025-01-02 17:22:44,328 DEBUG runmanager: S:\Experiments\Yb171_MOT_Tweezer_trap\example_globals2.h5:example group - check for boolean values: TURN_ON
2025-01-02 17:23:49,910 INFO runmanager: S:\Experiments\Yb171_MOT_Tweezer_trap\example_globals2.h5:example group - change global value: SETPOINT = 5 -> arange(1,5,1)
2025-01-02 17:23:49,928 DEBUG runmanager: S:\Experiments\Yb171_MOT_Tweezer_trap\example_globals2.h5:example group - check for boolean values: SETPOINT
2025-01-02 17:24:15,150 INFO runmanager: S:\Experiments\Yb171_MOT_Tweezer_trap\example_globals2.h5:example group - change global value: SETPOINT = arange(1,5,1) -> 2
2025-01-02 17:24:15,165 DEBUG runmanager: S:\Experiments\Yb171_MOT_Tweezer_trap\example_globals2.h5:example group - check for boolean values: SETPOINT
2025-01-02 17:24:19,231 INFO runmanager: S:\Experiments\Yb171_MOT_Tweezer_trap\example_globals2.h5:example group - change global value: SETPOINT = 2 -> 5
2025-01-02 17:24:19,247 DEBUG runmanager: S:\Experiments\Yb171_MOT_Tweezer_trap\example_globals2.h5:example group - check for boolean values: SETPOINT
2025-01-02 17:26:46,689 DEBUG runmanager: S:\Experiments\Yb171_MOT_Tweezer_trap\experimental_params.h5:MOT Parameters - make global row: B_FINAL 
2025-01-02 17:26:46,690 DEBUG runmanager: S:\Experiments\Yb171_MOT_Tweezer_trap\experimental_params.h5:MOT Parameters - check for boolean values: B_FINAL
2025-01-02 17:26:46,690 DEBUG runmanager: S:\Experiments\Yb171_MOT_Tweezer_trap\experimental_params.h5:MOT Parameters - make global row: B_INITIAL 
2025-01-02 17:26:46,690 DEBUG runmanager: S:\Experiments\Yb171_MOT_Tweezer_trap\experimental_params.h5:MOT Parameters - check for boolean values: B_INITIAL
2025-01-02 17:26:46,690 DEBUG runmanager: S:\Experiments\Yb171_MOT_Tweezer_trap\experimental_params.h5:MOT Parameters - make global row: RAMP_DURATION 
2025-01-02 17:26:46,690 DEBUG runmanager: S:\Experiments\Yb171_MOT_Tweezer_trap\experimental_params.h5:MOT Parameters - check for boolean values: RAMP_DURATION
2025-01-02 17:26:46,691 DEBUG runmanager: S:\Experiments\Yb171_MOT_Tweezer_trap\experimental_params.h5:MOT Parameters - make global row: TIME_TO_TRIGGER_CAMERA_AFTER_RAMP 
2025-01-02 17:26:46,691 DEBUG runmanager: S:\Experiments\Yb171_MOT_Tweezer_trap\experimental_params.h5:MOT Parameters - check for boolean values: TIME_TO_TRIGGER_CAMERA_AFTER_RAMP
2025-01-02 17:26:47,155 DEBUG runmanager: S:\Experiments\Yb171_MOT_Tweezer_trap\experimental_params.h5:Experimental Timings - make global row: EXPERIMENT_TIME 
2025-01-02 17:26:47,155 DEBUG runmanager: S:\Experiments\Yb171_MOT_Tweezer_trap\experimental_params.h5:Experimental Timings - check for boolean values: EXPERIMENT_TIME
2025-01-02 17:26:47,155 DEBUG runmanager: S:\Experiments\Yb171_MOT_Tweezer_trap\experimental_params.h5:Experimental Timings - make global row: TIME_UNTIL_RAMP 
2025-01-02 17:26:47,156 DEBUG runmanager: S:\Experiments\Yb171_MOT_Tweezer_trap\experimental_params.h5:Experimental Timings - check for boolean values: TIME_UNTIL_RAMP
2025-01-03 12:59:31,167 INFO runmanager: 

===============starting===============

2025-01-03 12:59:31,632 DEBUG runmanager: S:\Experiments\Yb171_MOT_Tweezer_trap\experimental_params.h5:MOT Parameters - make global row: B_FINAL 
2025-01-03 12:59:31,633 DEBUG runmanager: S:\Experiments\Yb171_MOT_Tweezer_trap\experimental_params.h5:MOT Parameters - check for boolean values: B_FINAL
2025-01-03 12:59:31,633 DEBUG runmanager: S:\Experiments\Yb171_MOT_Tweezer_trap\experimental_params.h5:MOT Parameters - make global row: B_INITIAL 
2025-01-03 12:59:31,633 DEBUG runmanager: S:\Experiments\Yb171_MOT_Tweezer_trap\experimental_params.h5:MOT Parameters - check for boolean values: B_INITIAL
2025-01-03 12:59:31,633 DEBUG runmanager: S:\Experiments\Yb171_MOT_Tweezer_trap\experimental_params.h5:MOT Parameters - make global row: RAMP_DURATION 
2025-01-03 12:59:31,633 DEBUG runmanager: S:\Experiments\Yb171_MOT_Tweezer_trap\experimental_params.h5:MOT Parameters - check for boolean values: RAMP_DURATION
2025-01-03 12:59:31,633 DEBUG runmanager: S:\Experiments\Yb171_MOT_Tweezer_trap\experimental_params.h5:MOT Parameters - make global row: TIME_TO_TRIGGER_CAMERA_AFTER_RAMP 
2025-01-03 12:59:31,633 DEBUG runmanager: S:\Experiments\Yb171_MOT_Tweezer_trap\experimental_params.h5:MOT Parameters - check for boolean values: TIME_TO_TRIGGER_CAMERA_AFTER_RAMP
2025-01-03 12:59:31,647 DEBUG runmanager: S:\Experiments\Yb171_MOT_Tweezer_trap\experimental_params.h5:Experimental Timings - make global row: EXPERIMENT_TIME 
2025-01-03 12:59:31,647 DEBUG runmanager: S:\Experiments\Yb171_MOT_Tweezer_trap\experimental_params.h5:Experimental Timings - check for boolean values: EXPERIMENT_TIME
2025-01-03 12:59:31,647 DEBUG runmanager: S:\Experiments\Yb171_MOT_Tweezer_trap\experimental_params.h5:Experimental Timings - make global row: TIME_UNTIL_RAMP 
2025-01-03 12:59:31,648 DEBUG runmanager: S:\Experiments\Yb171_MOT_Tweezer_trap\experimental_params.h5:Experimental Timings - check for boolean values: TIME_UNTIL_RAMP
2025-01-03 16:36:00,574 INFO runmanager: Engage
2025-01-03 16:36:00,575 INFO runmanager: Parsing globals...
2025-01-03 16:36:00,585 INFO runmanager: Making h5 files
2025-01-03 16:36:00,594 DEBUG runmanager: <generator object make_run_files at 0x0000022EDDB39E70>
2025-01-03 16:36:00,594 INFO runmanager: end engage
2025-01-03 16:36:09,991 INFO runmanager: Engage
2025-01-03 16:36:09,991 INFO runmanager: Parsing globals...
2025-01-03 16:36:09,996 INFO runmanager: Making h5 files
2025-01-03 16:36:10,007 DEBUG runmanager: <generator object make_run_files at 0x0000022EDDB39FC0>
2025-01-03 16:36:10,007 INFO runmanager: end engage
2025-01-03 16:36:57,498 INFO runmanager: 

===============starting===============

2025-01-03 16:36:57,972 DEBUG runmanager: S:\Experiments\Yb171_MOT_Tweezer_trap\experimental_params.h5:MOT Parameters - make global row: B_FINAL 
2025-01-03 16:36:57,972 DEBUG runmanager: S:\Experiments\Yb171_MOT_Tweezer_trap\experimental_params.h5:MOT Parameters - check for boolean values: B_FINAL
2025-01-03 16:36:57,972 DEBUG runmanager: S:\Experiments\Yb171_MOT_Tweezer_trap\experimental_params.h5:MOT Parameters - make global row: B_INITIAL 
2025-01-03 16:36:57,972 DEBUG runmanager: S:\Experiments\Yb171_MOT_Tweezer_trap\experimental_params.h5:MOT Parameters - check for boolean values: B_INITIAL
2025-01-03 16:36:57,972 DEBUG runmanager: S:\Experiments\Yb171_MOT_Tweezer_trap\experimental_params.h5:MOT Parameters - make global row: RAMP_DURATION 
2025-01-03 16:36:57,973 DEBUG runmanager: S:\Experiments\Yb171_MOT_Tweezer_trap\experimental_params.h5:MOT Parameters - check for boolean values: RAMP_DURATION
2025-01-03 16:36:57,973 DEBUG runmanager: S:\Experiments\Yb171_MOT_Tweezer_trap\experimental_params.h5:MOT Parameters - make global row: TIME_TO_TRIGGER_CAMERA_AFTER_RAMP 
2025-01-03 16:36:57,973 DEBUG runmanager: S:\Experiments\Yb171_MOT_Tweezer_trap\experimental_params.h5:MOT Parameters - check for boolean values: TIME_TO_TRIGGER_CAMERA_AFTER_RAMP
2025-01-03 16:36:57,987 DEBUG runmanager: S:\Experiments\Yb171_MOT_Tweezer_trap\experimental_params.h5:Experimental Timings - make global row: EXPERIMENT_TIME 
2025-01-03 16:36:57,987 DEBUG runmanager: S:\Experiments\Yb171_MOT_Tweezer_trap\experimental_params.h5:Experimental Timings - check for boolean values: EXPERIMENT_TIME
2025-01-03 16:36:57,988 DEBUG runmanager: S:\Experiments\Yb171_MOT_Tweezer_trap\experimental_params.h5:Experimental Timings - make global row: TIME_UNTIL_RAMP 
2025-01-03 16:36:57,988 DEBUG runmanager: S:\Experiments\Yb171_MOT_Tweezer_trap\experimental_params.h5:Experimental Timings - check for boolean values: TIME_UNTIL_RAMP
2025-01-09 09:41:54,455 INFO runmanager: Engage
2025-01-09 09:41:54,456 INFO runmanager: Parsing globals...
2025-01-09 09:41:54,468 INFO runmanager: Making h5 files
2025-01-09 09:41:54,477 DEBUG runmanager: <generator object make_run_files at 0x0000026DFF6EDE70>
2025-01-09 09:41:54,477 INFO runmanager: end engage
2025-01-09 09:44:14,083 INFO runmanager: Engage
2025-01-09 09:44:14,083 INFO runmanager: Parsing globals...
2025-01-09 09:44:14,091 INFO runmanager: Making h5 files
2025-01-09 09:44:14,098 DEBUG runmanager: <generator object make_run_files at 0x0000026DFF6EDFC0>
2025-01-09 09:44:14,098 INFO runmanager: end engage
2025-01-09 09:53:50,713 INFO runmanager: Engage
2025-01-09 09:53:50,713 INFO runmanager: Parsing globals...
2025-01-09 09:53:50,724 INFO runmanager: Making h5 files
2025-01-09 09:53:50,733 DEBUG runmanager: <generator object make_run_files at 0x0000026DFF6EE110>
2025-01-09 09:53:50,733 INFO runmanager: end engage
2025-01-09 09:54:19,777 INFO runmanager: Engage
2025-01-09 09:54:19,778 INFO runmanager: Parsing globals...
2025-01-09 09:54:19,786 INFO runmanager: Making h5 files
2025-01-09 09:54:19,794 DEBUG runmanager: <generator object make_run_files at 0x0000026DFF6EDE70>
2025-01-09 09:54:19,794 INFO runmanager: end engage
2025-01-09 09:54:38,650 INFO runmanager: Engage
2025-01-09 09:54:38,650 INFO runmanager: Parsing globals...
2025-01-09 09:54:38,661 INFO runmanager: Making h5 files
2025-01-09 09:54:38,670 DEBUG runmanager: <generator object make_run_files at 0x0000026DFF6EDFC0>
2025-01-09 09:54:38,670 INFO runmanager: end engage
2025-01-09 09:54:40,658 INFO runmanager: Engage
2025-01-09 09:54:40,659 INFO runmanager: Parsing globals...
2025-01-09 09:54:40,663 INFO runmanager: Making h5 files
2025-01-09 09:54:40,670 DEBUG runmanager: <generator object make_run_files at 0x0000026DFF6EDE70>
2025-01-09 09:54:40,670 INFO runmanager: end engage
2025-01-09 09:55:29,827 INFO runmanager: Engage
2025-01-09 09:55:29,827 INFO runmanager: Parsing globals...
2025-01-09 09:55:29,836 INFO runmanager: Making h5 files
2025-01-09 09:55:29,842 DEBUG runmanager: <generator object make_run_files at 0x0000026DFF6EE110>
2025-01-09 09:55:29,842 INFO runmanager: end engage
2025-01-09 09:56:36,437 INFO runmanager: Engage
2025-01-09 09:56:36,437 INFO runmanager: Parsing globals...
2025-01-09 09:56:36,448 INFO runmanager: Making h5 files
2025-01-09 09:56:36,456 DEBUG runmanager: <generator object make_run_files at 0x0000026DFF6EDE70>
2025-01-09 09:56:36,456 INFO runmanager: end engage
2025-01-09 09:56:46,693 INFO runmanager: Engage
2025-01-09 09:56:46,693 INFO runmanager: Parsing globals...
2025-01-09 09:56:46,698 INFO runmanager: Making h5 files
2025-01-09 09:56:46,708 DEBUG runmanager: <generator object make_run_files at 0x0000026DFF6EDFC0>
2025-01-09 09:56:46,708 INFO runmanager: end engage
2025-01-09 09:57:15,333 INFO runmanager: Engage
2025-01-09 09:57:15,334 INFO runmanager: Parsing globals...
2025-01-09 09:57:15,345 INFO runmanager: Making h5 files
2025-01-09 09:57:15,354 DEBUG runmanager: <generator object make_run_files at 0x0000026DFF6EE110>
2025-01-09 09:57:15,354 INFO runmanager: end engage
2025-01-09 09:57:27,541 INFO runmanager: Engage
2025-01-09 09:57:27,541 INFO runmanager: Parsing globals...
2025-01-09 09:57:27,549 INFO runmanager: Making h5 files
2025-01-09 09:57:27,556 DEBUG runmanager: <generator object make_run_files at 0x0000026DFF6EDE70>
2025-01-09 09:57:27,556 INFO runmanager: end engage
2025-01-09 09:57:44,086 INFO runmanager: Engage
2025-01-09 09:57:44,086 INFO runmanager: Parsing globals...
2025-01-09 09:57:44,097 INFO runmanager: Making h5 files
2025-01-09 09:57:44,105 DEBUG runmanager: <generator object make_run_files at 0x0000026DFF6EDFC0>
2025-01-09 09:57:44,105 INFO runmanager: end engage
2025-01-09 10:37:25,800 INFO runmanager: 

===============starting===============

2025-01-09 10:37:26,335 DEBUG runmanager: S:\Experiments\Yb171_MOT_Tweezer_trap\experimental_params.h5:MOT Parameters - make global row: B_FINAL 
2025-01-09 10:37:26,335 DEBUG runmanager: S:\Experiments\Yb171_MOT_Tweezer_trap\experimental_params.h5:MOT Parameters - check for boolean values: B_FINAL
2025-01-09 10:37:26,335 DEBUG runmanager: S:\Experiments\Yb171_MOT_Tweezer_trap\experimental_params.h5:MOT Parameters - make global row: B_INITIAL 
2025-01-09 10:37:26,336 DEBUG runmanager: S:\Experiments\Yb171_MOT_Tweezer_trap\experimental_params.h5:MOT Parameters - check for boolean values: B_INITIAL
2025-01-09 10:37:26,336 DEBUG runmanager: S:\Experiments\Yb171_MOT_Tweezer_trap\experimental_params.h5:MOT Parameters - make global row: RAMP_DURATION 
2025-01-09 10:37:26,336 DEBUG runmanager: S:\Experiments\Yb171_MOT_Tweezer_trap\experimental_params.h5:MOT Parameters - check for boolean values: RAMP_DURATION
2025-01-09 10:37:26,336 DEBUG runmanager: S:\Experiments\Yb171_MOT_Tweezer_trap\experimental_params.h5:MOT Parameters - make global row: TIME_TO_TRIGGER_CAMERA_AFTER_RAMP 
2025-01-09 10:37:26,336 DEBUG runmanager: S:\Experiments\Yb171_MOT_Tweezer_trap\experimental_params.h5:MOT Parameters - check for boolean values: TIME_TO_TRIGGER_CAMERA_AFTER_RAMP
2025-01-09 10:37:26,350 DEBUG runmanager: S:\Experiments\Yb171_MOT_Tweezer_trap\experimental_params.h5:Experimental Timings - make global row: EXPERIMENT_TIME 
2025-01-09 10:37:26,350 DEBUG runmanager: S:\Experiments\Yb171_MOT_Tweezer_trap\experimental_params.h5:Experimental Timings - check for boolean values: EXPERIMENT_TIME
2025-01-09 10:37:26,350 DEBUG runmanager: S:\Experiments\Yb171_MOT_Tweezer_trap\experimental_params.h5:Experimental Timings - make global row: TIME_UNTIL_RAMP 
2025-01-09 10:37:26,350 DEBUG runmanager: S:\Experiments\Yb171_MOT_Tweezer_trap\experimental_params.h5:Experimental Timings - check for boolean values: TIME_UNTIL_RAMP
2025-01-09 10:59:59,444 INFO runmanager: 

===============starting===============

2025-01-09 10:59:59,894 DEBUG runmanager: S:\Experiments\Yb171_MOT_Tweezer_trap\experimental_params.h5:MOT Parameters - make global row: B_FINAL 
2025-01-09 10:59:59,895 DEBUG runmanager: S:\Experiments\Yb171_MOT_Tweezer_trap\experimental_params.h5:MOT Parameters - check for boolean values: B_FINAL
2025-01-09 10:59:59,895 DEBUG runmanager: S:\Experiments\Yb171_MOT_Tweezer_trap\experimental_params.h5:MOT Parameters - make global row: B_INITIAL 
2025-01-09 10:59:59,895 DEBUG runmanager: S:\Experiments\Yb171_MOT_Tweezer_trap\experimental_params.h5:MOT Parameters - check for boolean values: B_INITIAL
2025-01-09 10:59:59,895 DEBUG runmanager: S:\Experiments\Yb171_MOT_Tweezer_trap\experimental_params.h5:MOT Parameters - make global row: RAMP_DURATION 
2025-01-09 10:59:59,895 DEBUG runmanager: S:\Experiments\Yb171_MOT_Tweezer_trap\experimental_params.h5:MOT Parameters - check for boolean values: RAMP_DURATION
2025-01-09 10:59:59,895 DEBUG runmanager: S:\Experiments\Yb171_MOT_Tweezer_trap\experimental_params.h5:MOT Parameters - make global row: TIME_TO_TRIGGER_CAMERA_AFTER_RAMP 
2025-01-09 10:59:59,895 DEBUG runmanager: S:\Experiments\Yb171_MOT_Tweezer_trap\experimental_params.h5:MOT Parameters - check for boolean values: TIME_TO_TRIGGER_CAMERA_AFTER_RAMP
2025-01-09 10:59:59,909 DEBUG runmanager: S:\Experiments\Yb171_MOT_Tweezer_trap\experimental_params.h5:Experimental Timings - make global row: EXPERIMENT_TIME 
2025-01-09 10:59:59,909 DEBUG runmanager: S:\Experiments\Yb171_MOT_Tweezer_trap\experimental_params.h5:Experimental Timings - check for boolean values: EXPERIMENT_TIME
2025-01-09 10:59:59,909 DEBUG runmanager: S:\Experiments\Yb171_MOT_Tweezer_trap\experimental_params.h5:Experimental Timings - make global row: TIME_UNTIL_RAMP 
2025-01-09 10:59:59,910 DEBUG runmanager: S:\Experiments\Yb171_MOT_Tweezer_trap\experimental_params.h5:Experimental Timings - check for boolean values: TIME_UNTIL_RAMP
2025-01-09 11:01:05,799 INFO runmanager: Engage
2025-01-09 11:01:05,800 INFO runmanager: Parsing globals...
2025-01-09 11:01:05,812 INFO runmanager: Making h5 files
2025-01-09 11:01:05,823 DEBUG runmanager: <generator object make_run_files at 0x000001FEF27F9E70>
2025-01-09 11:01:05,823 INFO runmanager: end engage
2025-01-09 11:01:21,550 INFO runmanager: Engage
2025-01-09 11:01:21,551 INFO runmanager: Parsing globals...
2025-01-09 11:01:21,559 INFO runmanager: Making h5 files
2025-01-09 11:01:21,569 DEBUG runmanager: <generator object make_run_files at 0x000001FEF27F9FC0>
2025-01-09 11:01:21,569 INFO runmanager: end engage
2025-01-09 11:01:22,631 INFO runmanager: runviewer not running, attempting to start...
2025-01-09 11:04:10,825 INFO runmanager: Engage
2025-01-09 11:04:10,825 INFO runmanager: Parsing globals...
2025-01-09 11:04:10,834 INFO runmanager: Making h5 files
2025-01-09 11:04:10,840 DEBUG runmanager: <generator object make_run_files at 0x000001FEF27F9E70>
2025-01-09 11:04:10,840 INFO runmanager: end engage
2025-01-09 11:06:30,805 INFO runmanager: Engage
2025-01-09 11:06:30,806 INFO runmanager: Parsing globals...
2025-01-09 11:06:30,817 INFO runmanager: Making h5 files
2025-01-09 11:06:30,827 DEBUG runmanager: <generator object make_run_files at 0x000001FEF27FA260>
2025-01-09 11:06:30,828 INFO runmanager: end engage
2025-01-09 11:08:13,694 INFO runmanager: Engage
2025-01-09 11:08:13,694 INFO runmanager: Parsing globals...
2025-01-09 11:08:13,703 INFO runmanager: Making h5 files
2025-01-09 11:08:13,711 DEBUG runmanager: <generator object make_run_files at 0x000001FEF27F9FC0>
2025-01-09 11:08:13,711 INFO runmanager: end engage
2025-01-09 11:11:21,848 INFO runmanager: Engage
2025-01-09 11:11:21,849 INFO runmanager: Parsing globals...
2025-01-09 11:11:21,858 INFO runmanager: Making h5 files
2025-01-09 11:11:21,866 DEBUG runmanager: <generator object make_run_files at 0x000001FEF27F9E70>
2025-01-09 11:11:21,866 INFO runmanager: end engage
2025-01-09 11:11:22,911 INFO runmanager: runviewer not running, attempting to start...
2025-01-09 11:17:00,895 INFO runmanager: Engage
2025-01-09 11:17:00,896 INFO runmanager: Parsing globals...
2025-01-09 11:17:00,906 INFO runmanager: Making h5 files
2025-01-09 11:17:00,914 DEBUG runmanager: <generator object make_run_files at 0x000001FEF27FA260>
2025-01-09 11:17:00,914 INFO runmanager: end engage
2025-01-09 11:52:46,529 INFO runmanager: Engage
2025-01-09 11:52:46,530 INFO runmanager: Parsing globals...
2025-01-09 11:52:46,541 INFO runmanager: Making h5 files
2025-01-09 11:52:53,402 DEBUG runmanager: <generator object make_run_files at 0x000001FEF27F9FC0>
2025-01-09 11:52:53,402 INFO runmanager: end engage
2025-01-09 11:56:28,349 INFO runmanager: Engage
2025-01-09 11:56:28,350 INFO runmanager: Parsing globals...
2025-01-09 11:56:28,362 INFO runmanager: Making h5 files
2025-01-09 11:56:28,371 DEBUG runmanager: <generator object make_run_files at 0x000001FEF27F9E70>
2025-01-09 11:56:28,371 INFO runmanager: end engage
2025-01-09 11:57:07,212 INFO runmanager: Engage
2025-01-09 11:57:07,213 INFO runmanager: Parsing globals...
2025-01-09 11:57:07,231 INFO runmanager: Making h5 files
2025-01-09 11:57:07,241 DEBUG runmanager: <generator object make_run_files at 0x000001FEF27FA260>
2025-01-09 11:57:07,241 INFO runmanager: end engage
2025-01-09 11:57:43,821 INFO runmanager: Engage
2025-01-09 11:57:43,822 INFO runmanager: Parsing globals...
2025-01-09 11:57:43,832 INFO runmanager: Making h5 files
2025-01-09 11:57:43,841 DEBUG runmanager: <generator object make_run_files at 0x000001FEF27F9FC0>
2025-01-09 11:57:43,841 INFO runmanager: end engage
2025-01-09 11:57:49,581 INFO runmanager: Engage
2025-01-09 11:57:49,582 INFO runmanager: Parsing globals...
2025-01-09 11:57:49,586 INFO runmanager: Making h5 files
2025-01-09 11:57:49,596 DEBUG runmanager: <generator object make_run_files at 0x000001FEF27F9E70>
2025-01-09 11:57:49,596 INFO runmanager: end engage
2025-01-09 12:01:45,761 INFO runmanager: Engage
2025-01-09 12:01:45,762 INFO runmanager: Parsing globals...
2025-01-09 12:01:45,772 INFO runmanager: Making h5 files
2025-01-09 12:01:45,782 DEBUG runmanager: <generator object make_run_files at 0x000001FEF27FA260>
2025-01-09 12:01:45,782 INFO runmanager: end engage
2025-01-09 12:04:19,867 INFO runmanager: Engage
2025-01-09 12:04:19,868 INFO runmanager: Parsing globals...
2025-01-09 12:04:19,877 INFO runmanager: Making h5 files
2025-01-09 12:04:19,886 DEBUG runmanager: <generator object make_run_files at 0x000001FEF27F9E70>
2025-01-09 12:04:19,886 INFO runmanager: end engage
2025-01-09 12:06:16,965 INFO runmanager: Engage
2025-01-09 12:06:16,965 INFO runmanager: Parsing globals...
2025-01-09 12:06:16,981 INFO runmanager: Making h5 files
2025-01-09 12:06:16,987 DEBUG runmanager: <generator object make_run_files at 0x000001FEF27F9FC0>
2025-01-09 12:06:16,988 INFO runmanager: end engage
2025-01-09 12:06:36,908 INFO runmanager: Engage
2025-01-09 12:06:36,909 INFO runmanager: Parsing globals...
2025-01-09 12:06:36,917 INFO runmanager: Making h5 files
2025-01-09 12:06:36,925 DEBUG runmanager: <generator object make_run_files at 0x000001FEF27FA260>
2025-01-09 12:06:36,925 INFO runmanager: end engage
2025-01-09 12:07:58,447 INFO runmanager: Engage
2025-01-09 12:07:58,447 INFO runmanager: Parsing globals...
2025-01-09 12:07:58,457 INFO runmanager: Making h5 files
2025-01-09 12:07:58,466 DEBUG runmanager: <generator object make_run_files at 0x000001FEF27F9E70>
2025-01-09 12:07:58,466 INFO runmanager: end engage
2025-01-09 12:15:31,885 INFO runmanager: Engage
2025-01-09 12:15:31,886 INFO runmanager: Parsing globals...
2025-01-09 12:15:31,897 INFO runmanager: Making h5 files
2025-01-09 12:15:31,907 DEBUG runmanager: <generator object make_run_files at 0x000001FEF27F9FC0>
2025-01-09 12:15:31,907 INFO runmanager: end engage
2025-01-09 12:16:11,037 INFO runmanager: Engage
2025-01-09 12:16:11,038 INFO runmanager: Parsing globals...
2025-01-09 12:16:11,048 INFO runmanager: Making h5 files
2025-01-09 12:16:11,056 DEBUG runmanager: <generator object make_run_files at 0x000001FEF27FA260>
2025-01-09 12:16:11,056 INFO runmanager: end engage
2025-01-09 12:16:21,359 INFO runmanager: Engage
2025-01-09 12:16:21,359 INFO runmanager: Parsing globals...
2025-01-09 12:16:21,364 INFO runmanager: Making h5 files
2025-01-09 12:16:21,373 DEBUG runmanager: <generator object make_run_files at 0x000001FEF27F9E70>
2025-01-09 12:16:21,373 INFO runmanager: end engage
2025-01-09 12:34:19,292 INFO runmanager: Engage
2025-01-09 12:34:19,293 INFO runmanager: Parsing globals...
2025-01-09 12:34:19,304 INFO runmanager: Making h5 files
2025-01-09 12:34:19,312 DEBUG runmanager: <generator object make_run_files at 0x000001FEF27F9FC0>
2025-01-09 12:34:19,312 INFO runmanager: end engage
2025-01-09 12:36:06,805 INFO runmanager: Engage
2025-01-09 12:36:06,806 INFO runmanager: Parsing globals...
2025-01-09 12:36:06,813 INFO runmanager: Making h5 files
2025-01-09 12:36:06,820 DEBUG runmanager: <generator object make_run_files at 0x000001FEF27FA260>
2025-01-09 12:36:06,820 INFO runmanager: end engage
2025-01-09 12:43:21,211 INFO runmanager: 

===============starting===============

2025-01-09 12:43:21,669 DEBUG runmanager: S:\Experiments\Yb171_MOT_Tweezer_trap\experimental_params.h5:MOT Parameters - make global row: B_FINAL 
2025-01-09 12:43:21,669 DEBUG runmanager: S:\Experiments\Yb171_MOT_Tweezer_trap\experimental_params.h5:MOT Parameters - check for boolean values: B_FINAL
2025-01-09 12:43:21,669 DEBUG runmanager: S:\Experiments\Yb171_MOT_Tweezer_trap\experimental_params.h5:MOT Parameters - make global row: B_INITIAL 
2025-01-09 12:43:21,669 DEBUG runmanager: S:\Experiments\Yb171_MOT_Tweezer_trap\experimental_params.h5:MOT Parameters - check for boolean values: B_INITIAL
2025-01-09 12:43:21,670 DEBUG runmanager: S:\Experiments\Yb171_MOT_Tweezer_trap\experimental_params.h5:MOT Parameters - make global row: RAMP_DURATION 
2025-01-09 12:43:21,670 DEBUG runmanager: S:\Experiments\Yb171_MOT_Tweezer_trap\experimental_params.h5:MOT Parameters - check for boolean values: RAMP_DURATION
2025-01-09 12:43:21,670 DEBUG runmanager: S:\Experiments\Yb171_MOT_Tweezer_trap\experimental_params.h5:MOT Parameters - make global row: TIME_TO_TRIGGER_CAMERA_AFTER_RAMP 
2025-01-09 12:43:21,670 DEBUG runmanager: S:\Experiments\Yb171_MOT_Tweezer_trap\experimental_params.h5:MOT Parameters - check for boolean values: TIME_TO_TRIGGER_CAMERA_AFTER_RAMP
2025-01-09 12:43:21,683 DEBUG runmanager: S:\Experiments\Yb171_MOT_Tweezer_trap\experimental_params.h5:Experimental Timings - make global row: EXPERIMENT_TIME 
2025-01-09 12:43:21,683 DEBUG runmanager: S:\Experiments\Yb171_MOT_Tweezer_trap\experimental_params.h5:Experimental Timings - check for boolean values: EXPERIMENT_TIME
2025-01-09 12:43:21,683 DEBUG runmanager: S:\Experiments\Yb171_MOT_Tweezer_trap\experimental_params.h5:Experimental Timings - make global row: TIME_UNTIL_RAMP 
2025-01-09 12:43:21,684 DEBUG runmanager: S:\Experiments\Yb171_MOT_Tweezer_trap\experimental_params.h5:Experimental Timings - check for boolean values: TIME_UNTIL_RAMP
2025-01-09 12:43:27,420 INFO runmanager: Engage
2025-01-09 12:43:27,420 INFO runmanager: Parsing globals...
2025-01-09 12:43:27,424 INFO runmanager: Making h5 files
2025-01-09 12:43:27,438 DEBUG runmanager: <generator object make_run_files at 0x000002AC5A347B50>
2025-01-09 12:43:27,438 INFO runmanager: end engage
2025-01-09 12:43:33,059 INFO runmanager: Engage
2025-01-09 12:43:33,060 INFO runmanager: Parsing globals...
2025-01-09 12:43:33,065 INFO runmanager: Making h5 files
2025-01-09 12:43:33,076 DEBUG runmanager: <generator object make_run_files at 0x000002AC5A71DFC0>
2025-01-09 12:43:33,076 INFO runmanager: end engage
2025-01-09 12:44:24,852 INFO runmanager: Engage
2025-01-09 12:44:24,852 INFO runmanager: Parsing globals...
2025-01-09 12:44:24,859 INFO runmanager: Making h5 files
2025-01-09 12:44:24,866 DEBUG runmanager: <generator object make_run_files at 0x000002AC5A71E110>
2025-01-09 12:44:24,866 INFO runmanager: end engage
2025-01-09 12:44:45,869 INFO runmanager: Engage
2025-01-09 12:44:45,870 INFO runmanager: Parsing globals...
2025-01-09 12:44:45,878 INFO runmanager: Making h5 files
2025-01-09 12:44:45,886 DEBUG runmanager: <generator object make_run_files at 0x000002AC5A71E260>
2025-01-09 12:44:45,886 INFO runmanager: end engage
2025-01-09 12:45:12,765 INFO runmanager: Engage
2025-01-09 12:45:12,765 INFO runmanager: Parsing globals...
2025-01-09 12:45:12,777 INFO runmanager: Making h5 files
2025-01-09 12:45:12,788 DEBUG runmanager: <generator object make_run_files at 0x000002AC5A71DFC0>
2025-01-09 12:45:12,788 INFO runmanager: end engage
2025-01-09 12:45:46,590 INFO runmanager: S:\Experiments\Yb171_MOT_Tweezer_trap\experimental_params.h5:MOT Parameters - change units: RAMP_DURATION = V -> s
2025-01-09 12:45:53,254 INFO runmanager: Engage
2025-01-09 12:45:53,254 INFO runmanager: Parsing globals...
2025-01-09 12:45:53,267 INFO runmanager: Making h5 files
2025-01-09 12:45:53,278 DEBUG runmanager: <generator object make_run_files at 0x000002AC5A71E110>
2025-01-09 12:45:53,278 INFO runmanager: end engage
2025-01-09 12:46:23,684 INFO runmanager: S:\Experiments\Yb171_MOT_Tweezer_trap\experimental_params.h5:MOT Parameters - change global value: RAMP_DURATION = 0.5 -> 0.200
2025-01-09 12:46:23,694 DEBUG runmanager: S:\Experiments\Yb171_MOT_Tweezer_trap\experimental_params.h5:MOT Parameters - check for boolean values: RAMP_DURATION
2025-01-09 12:46:29,110 INFO runmanager: Engage
2025-01-09 12:46:29,110 INFO runmanager: Parsing globals...
2025-01-09 12:46:29,115 INFO runmanager: Making h5 files
2025-01-09 12:46:29,126 DEBUG runmanager: <generator object make_run_files at 0x000002AC5A71E260>
2025-01-09 12:46:29,126 INFO runmanager: end engage
2025-01-09 12:46:44,623 INFO runmanager: Engage
2025-01-09 12:46:44,623 INFO runmanager: Parsing globals...
2025-01-09 12:46:44,634 INFO runmanager: Making h5 files
2025-01-09 12:46:44,643 DEBUG runmanager: <generator object make_run_files at 0x000002AC5A71DFC0>
2025-01-09 12:46:44,643 INFO runmanager: end engage
2025-01-09 12:46:56,149 INFO runmanager: Engage
2025-01-09 12:46:56,150 INFO runmanager: Parsing globals...
2025-01-09 12:46:56,153 INFO runmanager: Making h5 files
2025-01-09 12:46:56,161 DEBUG runmanager: <generator object make_run_files at 0x000002AC5A71E110>
2025-01-09 12:46:56,161 INFO runmanager: end engage
2025-01-09 12:47:05,982 INFO runmanager: Engage
2025-01-09 12:47:05,983 INFO runmanager: Parsing globals...
2025-01-09 12:47:05,987 INFO runmanager: Making h5 files
2025-01-09 12:47:06,000 DEBUG runmanager: <generator object make_run_files at 0x000002AC5A71E260>
2025-01-09 12:47:06,000 INFO runmanager: end engage
2025-01-09 12:48:04,488 INFO runmanager: Engage
2025-01-09 12:48:04,488 INFO runmanager: Parsing globals...
2025-01-09 12:48:04,500 INFO runmanager: Making h5 files
2025-01-09 12:48:04,512 DEBUG runmanager: <generator object make_run_files at 0x000002AC5A71DFC0>
2025-01-09 12:48:04,512 INFO runmanager: end engage
2025-01-09 12:48:27,880 INFO runmanager: Engage
2025-01-09 12:48:27,880 INFO runmanager: Parsing globals...
2025-01-09 12:48:27,891 INFO runmanager: Making h5 files
2025-01-09 12:48:27,901 DEBUG runmanager: <generator object make_run_files at 0x000002AC5A71E110>
2025-01-09 12:48:27,901 INFO runmanager: end engage
2025-01-09 12:48:49,568 INFO runmanager: Engage
2025-01-09 12:48:49,568 INFO runmanager: Parsing globals...
2025-01-09 12:48:49,580 INFO runmanager: Making h5 files
2025-01-09 12:48:49,589 DEBUG runmanager: <generator object make_run_files at 0x000002AC5A71E260>
2025-01-09 12:48:49,589 INFO runmanager: end engage
2025-01-09 12:49:40,183 INFO runmanager: Engage
2025-01-09 12:49:40,183 INFO runmanager: Parsing globals...
2025-01-09 12:49:40,192 INFO runmanager: Making h5 files
2025-01-09 12:49:40,201 DEBUG runmanager: <generator object make_run_files at 0x000002AC5A71DFC0>
2025-01-09 12:49:40,201 INFO runmanager: end engage
2025-01-09 12:50:18,529 INFO runmanager: Engage
2025-01-09 12:50:18,530 INFO runmanager: Parsing globals...
2025-01-09 12:50:18,540 INFO runmanager: Making h5 files
2025-01-09 12:50:18,551 DEBUG runmanager: <generator object make_run_files at 0x000002AC5A71E110>
2025-01-09 12:50:18,551 INFO runmanager: end engage
2025-01-09 12:50:30,913 INFO runmanager: Engage
2025-01-09 12:50:30,913 INFO runmanager: Parsing globals...
2025-01-09 12:50:30,918 INFO runmanager: Making h5 files
2025-01-09 12:50:30,930 DEBUG runmanager: <generator object make_run_files at 0x000002AC5A71E260>
2025-01-09 12:50:30,930 INFO runmanager: end engage
2025-01-09 12:51:27,929 INFO runmanager: Engage
2025-01-09 12:51:27,931 INFO runmanager: Parsing globals...
2025-01-09 12:51:27,939 INFO runmanager: Making h5 files
2025-01-09 12:51:27,947 DEBUG runmanager: <generator object make_run_files at 0x000002AC5A71DFC0>
2025-01-09 12:51:27,947 INFO runmanager: end engage
2025-01-09 12:52:17,042 INFO runmanager: Engage
2025-01-09 12:52:17,043 INFO runmanager: Parsing globals...
2025-01-09 12:52:17,051 INFO runmanager: Making h5 files
2025-01-09 12:52:17,059 DEBUG runmanager: <generator object make_run_files at 0x000002AC5A71E110>
2025-01-09 12:52:17,059 INFO runmanager: end engage
2025-01-09 12:53:11,531 INFO runmanager: Engage
2025-01-09 12:53:11,532 INFO runmanager: Parsing globals...
2025-01-09 12:53:11,543 INFO runmanager: Making h5 files
2025-01-09 12:53:11,551 DEBUG runmanager: <generator object make_run_files at 0x000002AC5A71E260>
2025-01-09 12:53:11,551 INFO runmanager: end engage
2025-01-09 12:53:26,731 INFO runmanager: Engage
2025-01-09 12:53:26,732 INFO runmanager: Parsing globals...
2025-01-09 12:53:26,744 INFO runmanager: Making h5 files
2025-01-09 12:53:26,754 DEBUG runmanager: <generator object make_run_files at 0x000002AC5A71DFC0>
2025-01-09 12:53:26,754 INFO runmanager: end engage
2025-01-09 12:53:46,749 INFO runmanager: Engage
2025-01-09 12:53:46,750 INFO runmanager: Parsing globals...
2025-01-09 12:53:46,760 INFO runmanager: Making h5 files
2025-01-09 12:53:46,771 DEBUG runmanager: <generator object make_run_files at 0x000002AC5A71E110>
2025-01-09 12:53:46,771 INFO runmanager: end engage
2025-01-09 12:54:11,852 INFO runmanager: Engage
2025-01-09 12:54:11,852 INFO runmanager: Parsing globals...
2025-01-09 12:54:11,866 INFO runmanager: Making h5 files
2025-01-09 12:54:11,889 DEBUG runmanager: <generator object make_run_files at 0x000002AC5A71E260>
2025-01-09 12:54:11,889 INFO runmanager: end engage
2025-01-09 12:54:55,765 INFO runmanager: Engage
2025-01-09 12:54:55,766 INFO runmanager: Parsing globals...
2025-01-09 12:54:55,778 INFO runmanager: Making h5 files
2025-01-09 12:54:55,788 DEBUG runmanager: <generator object make_run_files at 0x000002AC5A71DFC0>
2025-01-09 12:54:55,788 INFO runmanager: end engage
2025-01-09 12:55:43,709 INFO runmanager: Engage
2025-01-09 12:55:43,710 INFO runmanager: Parsing globals...
2025-01-09 12:55:43,721 INFO runmanager: Making h5 files
2025-01-09 12:55:43,730 DEBUG runmanager: <generator object make_run_files at 0x000002AC5A71E110>
2025-01-09 12:55:43,731 INFO runmanager: end engage
2025-01-09 12:56:16,190 INFO runmanager: Engage
2025-01-09 12:56:16,191 INFO runmanager: Parsing globals...
2025-01-09 12:56:16,202 INFO runmanager: Making h5 files
2025-01-09 12:56:16,213 DEBUG runmanager: <generator object make_run_files at 0x000002AC5A71E260>
2025-01-09 12:56:16,213 INFO runmanager: end engage
2025-01-09 12:57:42,918 INFO runmanager: Engage
2025-01-09 12:57:42,918 INFO runmanager: Parsing globals...
2025-01-09 12:57:42,927 INFO runmanager: Making h5 files
2025-01-09 12:57:42,934 DEBUG runmanager: <generator object make_run_files at 0x000002AC5A71DFC0>
2025-01-09 12:57:42,934 INFO runmanager: end engage
2025-01-09 12:58:11,071 INFO runmanager: Engage
2025-01-09 12:58:11,071 INFO runmanager: Parsing globals...
2025-01-09 12:58:11,083 INFO runmanager: Making h5 files
2025-01-09 12:58:11,093 DEBUG runmanager: <generator object make_run_files at 0x000002AC5A71E110>
2025-01-09 12:58:11,093 INFO runmanager: end engage
2025-01-09 12:58:25,783 INFO runmanager: Engage
2025-01-09 12:58:25,784 INFO runmanager: Parsing globals...
2025-01-09 12:58:25,796 INFO runmanager: Making h5 files
2025-01-09 12:58:25,804 DEBUG runmanager: <generator object make_run_files at 0x000002AC5A71E260>
2025-01-09 12:58:25,804 INFO runmanager: end engage
2025-01-09 12:59:23,897 INFO runmanager: Engage
2025-01-09 12:59:23,897 INFO runmanager: Parsing globals...
2025-01-09 12:59:23,909 INFO runmanager: Making h5 files
2025-01-09 12:59:23,920 DEBUG runmanager: <generator object make_run_files at 0x000002AC5A71DFC0>
2025-01-09 12:59:23,920 INFO runmanager: end engage
2025-01-09 13:00:32,801 INFO runmanager: Engage
2025-01-09 13:00:32,801 INFO runmanager: Parsing globals...
2025-01-09 13:00:32,814 INFO runmanager: Making h5 files
2025-01-09 13:00:32,822 DEBUG runmanager: <generator object make_run_files at 0x000002AC5A71E110>
2025-01-09 13:00:32,822 INFO runmanager: end engage
2025-01-09 13:01:13,762 INFO runmanager: Engage
2025-01-09 13:01:13,763 INFO runmanager: Parsing globals...
2025-01-09 13:01:13,775 INFO runmanager: Making h5 files
2025-01-09 13:01:13,784 DEBUG runmanager: <generator object make_run_files at 0x000002AC5A71E260>
2025-01-09 13:01:13,784 INFO runmanager: end engage
2025-01-09 13:04:57,989 INFO runmanager: Engage
2025-01-09 13:04:57,989 INFO runmanager: Parsing globals...
2025-01-09 13:04:58,001 INFO runmanager: Making h5 files
2025-01-09 13:04:58,009 DEBUG runmanager: <generator object make_run_files at 0x000002AC5A71DFC0>
2025-01-09 13:04:58,009 INFO runmanager: end engage
2025-01-09 13:06:23,093 INFO runmanager: Engage
2025-01-09 13:06:23,093 INFO runmanager: Parsing globals...
2025-01-09 13:06:23,101 INFO runmanager: Making h5 files
2025-01-09 13:06:23,108 DEBUG runmanager: <generator object make_run_files at 0x000002AC5A71E110>
2025-01-09 13:06:23,109 INFO runmanager: end engage
2025-01-09 13:07:11,782 INFO runmanager: Engage
2025-01-09 13:07:11,782 INFO runmanager: Parsing globals...
2025-01-09 13:07:11,793 INFO runmanager: Making h5 files
2025-01-09 13:07:11,803 DEBUG runmanager: <generator object make_run_files at 0x000002AC5A71E260>
2025-01-09 13:07:11,803 INFO runmanager: end engage
2025-01-09 13:09:14,057 INFO runmanager: Engage
2025-01-09 13:09:14,057 INFO runmanager: Parsing globals...
2025-01-09 13:09:14,068 INFO runmanager: Making h5 files
2025-01-09 13:09:14,079 DEBUG runmanager: <generator object make_run_files at 0x000002AC5A71DFC0>
2025-01-09 13:09:14,079 INFO runmanager: end engage
2025-01-09 13:09:48,400 INFO runmanager: Engage
2025-01-09 13:09:48,400 INFO runmanager: Parsing globals...
2025-01-09 13:09:48,412 INFO runmanager: Making h5 files
2025-01-09 13:09:48,422 DEBUG runmanager: <generator object make_run_files at 0x000002AC5A71E110>
2025-01-09 13:09:48,422 INFO runmanager: end engage
2025-01-09 13:10:27,233 INFO runmanager: Engage
2025-01-09 13:10:27,234 INFO runmanager: Parsing globals...
2025-01-09 13:10:27,244 INFO runmanager: Making h5 files
2025-01-09 13:10:27,253 DEBUG runmanager: <generator object make_run_files at 0x000002AC5A71E260>
2025-01-09 13:10:27,253 INFO runmanager: end engage
2025-01-09 13:12:26,362 INFO runmanager: S:\Experiments\Yb171_MOT_Tweezer_trap\experimental_params.h5:MOT Parameters - change units: B_FINAL =  -> Exception in worker - Thu Jan 09, 12:08:04 :
Traceback (most recent call last):
  File "C:\Users\schinelab\labscript-suite\labscript-devices\labscript_devices\NI_DAQmx\blacs_workers.py", line 377, in transition_to_manual
    task.WaitUntilTaskDone(1)
  File "<string>", line 3, in WaitUntilTaskDone
  File "<string>", line 2, in function
  File "C:\Users\schinelab\labscript-suite\.venv\Lib\site-packages\PyDAQmx\DAQmxFunctions.py", line 62, in mafunction
    raise exception_class(errBuff.value.decode("utf-8"), f.__name__)
PyDAQmx.DAQmxFunctions.DACUnderflowError: DAC conversion attempted before data to be converted was available.
Decrease the output frequency to increase the period between DAC conversions, or reduce the size of your output buffer in order to write data more often. If you are using an external clock, check  your signal for the presence of noise or glitches.
Task Name: _unnamedTask<2>

Status Code: -200018
 in function DAQmxWaitUntilTaskDone

Fatal exception in main process - Thu Jan 09, 12:08:04 :
 Traceback (most recent call last):
  File "C:\Users\schinelab\labscript-suite\blacs\blacs\tab_base_classes.py", line 837, in mainloop
    next_yield = inmain(generator.send,results)
                ^^^^^^^^^^^^^^^^^^^^^^^^^^^^^^
  File "C:\Users\schinelab\labscript-suite\.venv\Lib\site-packages\qtutils\invoke_in_main.py", line 88, in inmain
    return get_inmain_result(_in_main_later(fn, False, *args, **kwargs))
           ^^^^^^^^^^^^^^^^^^^^^^^^^^^^^^^^^^^^^^^^^^^^^^^^^^^^^^^^^^^^^
  File "C:\Users\schinelab\labscript-suite\.venv\Lib\site-packages\qtutils\invoke_in_main.py", line 150, in get_inmain_result
    raise value.with_traceback(traceback)
  File "C:\Users\schinelab\labscript-suite\.venv\Lib\site-packages\qtutils\invoke_in_main.py", line 46, in event
    result = event.fn(*event.args, **event.kwargs)
             ^^^^^^^^^^^^^^^^^^^^^^^^^^^^^^^^^^^^^
  File "C:\Users\schinelab\labscript-suite\blacs\blacs\device_base_class.py", line 677, in transition_to_manual
    raise Exception('Could not transition to manual. You must restart this device to continue')
Exception: Could not transition to manual. You must restart this device to continue

2025-01-09 13:12:34,874 INFO runmanager: S:\Experiments\Yb171_MOT_Tweezer_trap\experimental_params.h5:MOT Parameters - change units: B_FINAL = Exception in worker - Thu Jan 09, 12:08:04 :
Traceback (most recent call last):
  File "C:\Users\schinelab\labscript-suite\labscript-devices\labscript_devices\NI_DAQmx\blacs_workers.py", line 377, in transition_to_manual
    task.WaitUntilTaskDone(1)
  File "<string>", line 3, in WaitUntilTaskDone
  File "<string>", line 2, in function
  File "C:\Users\schinelab\labscript-suite\.venv\Lib\site-packages\PyDAQmx\DAQmxFunctions.py", line 62, in mafunction
    raise exception_class(errBuff.value.decode("utf-8"), f.__name__)
PyDAQmx.DAQmxFunctions.DACUnderflowError: DAC conversion attempted before data to be converted was available.
Decrease the output frequency to increase the period between DAC conversions, or reduce the size of your output buffer in order to write data more often. If you are using an external clock, check  your signal for the presence of noise or glitches.
Task Name: _unnamedTask<2>

Status Code: -200018
 in function DAQmxWaitUntilTaskDone

Fatal exception in main process - Thu Jan 09, 12:08:04 :
 Traceback (most recent call last):
  File "C:\Users\schinelab\labscript-suite\blacs\blacs\tab_base_classes.py", line 837, in mainloop
    next_yield = inmain(generator.send,results)
                ^^^^^^^^^^^^^^^^^^^^^^^^^^^^^^
  File "C:\Users\schinelab\labscript-suite\.venv\Lib\site-packages\qtutils\invoke_in_main.py", line 88, in inmain
    return get_inmain_result(_in_main_later(fn, False, *args, **kwargs))
           ^^^^^^^^^^^^^^^^^^^^^^^^^^^^^^^^^^^^^^^^^^^^^^^^^^^^^^^^^^^^^
  File "C:\Users\schinelab\labscript-suite\.venv\Lib\site-packages\qtutils\invoke_in_main.py", line 150, in get_inmain_result
    raise value.with_traceback(traceback)
  File "C:\Users\schinelab\labscript-suite\.venv\Lib\site-packages\qtutils\invoke_in_main.py", line 46, in event
    result = event.fn(*event.args, **event.kwargs)
             ^^^^^^^^^^^^^^^^^^^^^^^^^^^^^^^^^^^^^
  File "C:\Users\schinelab\labscript-suite\blacs\blacs\device_base_class.py", line 677, in transition_to_manual
    raise Exception('Could not transition to manual. You must restart this device to continue')
Exception: Could not transition to manual. You must restart this device to continue
 -> V
2025-01-09 13:19:56,511 INFO runmanager: 

===============starting===============

2025-01-09 13:19:56,979 DEBUG runmanager: S:\Experiments\Yb171_MOT_Tweezer_trap\experimental_params.h5:MOT Parameters - make global row: B_FINAL 
2025-01-09 13:19:56,979 DEBUG runmanager: S:\Experiments\Yb171_MOT_Tweezer_trap\experimental_params.h5:MOT Parameters - check for boolean values: B_FINAL
2025-01-09 13:19:56,979 DEBUG runmanager: S:\Experiments\Yb171_MOT_Tweezer_trap\experimental_params.h5:MOT Parameters - make global row: B_INITIAL 
2025-01-09 13:19:56,980 DEBUG runmanager: S:\Experiments\Yb171_MOT_Tweezer_trap\experimental_params.h5:MOT Parameters - check for boolean values: B_INITIAL
2025-01-09 13:19:56,980 DEBUG runmanager: S:\Experiments\Yb171_MOT_Tweezer_trap\experimental_params.h5:MOT Parameters - make global row: RAMP_DURATION 
2025-01-09 13:19:56,980 DEBUG runmanager: S:\Experiments\Yb171_MOT_Tweezer_trap\experimental_params.h5:MOT Parameters - check for boolean values: RAMP_DURATION
2025-01-09 13:19:56,980 DEBUG runmanager: S:\Experiments\Yb171_MOT_Tweezer_trap\experimental_params.h5:MOT Parameters - make global row: TIME_TO_TRIGGER_CAMERA_AFTER_RAMP 
2025-01-09 13:19:56,980 DEBUG runmanager: S:\Experiments\Yb171_MOT_Tweezer_trap\experimental_params.h5:MOT Parameters - check for boolean values: TIME_TO_TRIGGER_CAMERA_AFTER_RAMP
2025-01-09 13:19:56,995 DEBUG runmanager: S:\Experiments\Yb171_MOT_Tweezer_trap\experimental_params.h5:Experimental Timings - make global row: EXPERIMENT_TIME 
2025-01-09 13:19:56,995 DEBUG runmanager: S:\Experiments\Yb171_MOT_Tweezer_trap\experimental_params.h5:Experimental Timings - check for boolean values: EXPERIMENT_TIME
2025-01-09 13:19:56,995 DEBUG runmanager: S:\Experiments\Yb171_MOT_Tweezer_trap\experimental_params.h5:Experimental Timings - make global row: TIME_UNTIL_RAMP 
2025-01-09 13:19:56,995 DEBUG runmanager: S:\Experiments\Yb171_MOT_Tweezer_trap\experimental_params.h5:Experimental Timings - check for boolean values: TIME_UNTIL_RAMP
